TN:
SF:src/components/ProtectedRoute.tsx
FN:10,(anonymous_0)
FN:14,(anonymous_1)
FNF:2
FNH:0
FNDA:0,(anonymous_0)
FNDA:0,(anonymous_1)
DA:10,0
DA:14,0
DA:17,0
DA:18,0
DA:26,0
DA:27,0
DA:31,0
DA:33,0
DA:34,0
DA:37,0
LF:10
LH:0
BRDA:17,0,0,0
BRDA:17,0,1,0
BRDA:26,1,0,0
BRDA:26,1,1,0
BRDA:26,2,0,0
BRDA:26,2,1,0
BRDA:31,3,0,0
BRDA:31,3,1,0
BRDA:31,4,0,0
BRDA:31,4,1,0
BRDA:33,5,0,0
BRDA:33,5,1,0
BRF:12
BRH:0
end_of_record
TN:
SF:src/components/common/BaseLayout.tsx
FN:13,(anonymous_0)
FN:20,(anonymous_1)
FN:23,(anonymous_2)
FNF:3
FNH:0
FNDA:0,(anonymous_0)
FNDA:0,(anonymous_1)
FNDA:0,(anonymous_2)
DA:13,0
DA:19,0
DA:20,0
DA:21,0
DA:23,0
DA:24,0
DA:25,0
DA:28,0
LF:8
LH:0
BRDA:43,0,0,0
BRDA:43,0,1,0
BRF:2
BRH:0
end_of_record
TN:
SF:src/components/common/Button.tsx
FN:11,(anonymous_0)
FNF:1
FNH:0
FNDA:0,(anonymous_0)
DA:11,0
DA:20,0
DA:22,0
DA:30,0
DA:36,0
LF:5
LH:0
BRDA:12,0,0,0
BRDA:13,1,0,0
BRDA:14,2,0,0
BRDA:44,3,0,0
BRDA:44,3,1,0
BRDA:47,4,0,0
BRDA:47,4,1,0
BRF:7
BRH:0
end_of_record
TN:
SF:src/components/common/Card.tsx
FN:12,(anonymous_0)
FNF:1
FNH:0
FNDA:0,(anonymous_0)
DA:12,0
DA:19,0
LF:2
LH:0
BRDA:23,0,0,0
BRDA:23,0,1,0
BRDA:28,1,0,0
BRDA:28,1,1,0
BRDA:33,2,0,0
BRDA:33,2,1,0
BRF:6
BRH:0
end_of_record
TN:
SF:src/components/common/DataTable.tsx
FN:54,DataTable
FN:79,(anonymous_1)
FN:81,(anonymous_2)
FN:85,(anonymous_3)
FN:111,(anonymous_4)
FN:119,(anonymous_5)
FN:130,(anonymous_6)
FN:148,(anonymous_7)
FN:151,(anonymous_8)
FN:181,(anonymous_9)
FN:191,(anonymous_10)
FN:216,(anonymous_11)
FN:224,(anonymous_12)
FN:226,(anonymous_13)
FN:258,(anonymous_14)
FN:273,(anonymous_15)
FN:279,(anonymous_16)
FN:290,(anonymous_17)
FN:301,(anonymous_18)
FNF:19
FNH:0
FNDA:0,DataTable
FNDA:0,(anonymous_1)
FNDA:0,(anonymous_2)
FNDA:0,(anonymous_3)
FNDA:0,(anonymous_4)
FNDA:0,(anonymous_5)
FNDA:0,(anonymous_6)
FNDA:0,(anonymous_7)
FNDA:0,(anonymous_8)
FNDA:0,(anonymous_9)
FNDA:0,(anonymous_10)
FNDA:0,(anonymous_11)
FNDA:0,(anonymous_12)
FNDA:0,(anonymous_13)
FNDA:0,(anonymous_14)
FNDA:0,(anonymous_15)
FNDA:0,(anonymous_16)
FNDA:0,(anonymous_17)
FNDA:0,(anonymous_18)
DA:79,0
DA:80,0
DA:81,0
DA:85,0
DA:86,0
DA:87,0
DA:90,0
DA:92,0
DA:94,0
DA:96,0
DA:98,0
DA:100,0
DA:107,0
DA:111,0
DA:112,0
DA:115,0
DA:116,0
DA:119,0
DA:120,0
DA:121,0
DA:126,0
DA:127,0
DA:131,0
DA:137,0
DA:148,0
DA:151,0
DA:182,0
DA:191,0
DA:217,0
DA:224,0
DA:227,0
DA:258,0
DA:273,0
DA:280,0
DA:281,0
DA:283,0
DA:285,0
DA:290,0
DA:301,0
LF:39
LH:0
BRDA:57,0,0,0
BRDA:58,1,0,0
BRDA:59,2,0,0
BRDA:60,3,0,0
BRDA:62,4,0,0
BRDA:66,5,0,0
BRDA:67,6,0,0
BRDA:71,7,0,0
BRDA:75,8,0,0
BRDA:77,9,0,0
BRDA:80,10,0,0
BRDA:80,10,1,0
BRDA:86,11,0,0
BRDA:86,11,1,0
BRDA:90,12,0,0
BRDA:90,12,1,0
BRDA:92,13,0,0
BRDA:92,13,1,0
BRDA:92,13,2,0
BRDA:92,13,3,0
BRDA:92,13,4,0
BRDA:112,14,0,0
BRDA:112,14,1,0
BRDA:112,15,0,0
BRDA:112,15,1,0
BRDA:115,16,0,0
BRDA:115,16,1,0
BRDA:115,17,0,0
BRDA:115,17,1,0
BRDA:120,18,0,0
BRDA:120,18,1,0
BRDA:121,19,0,0
BRDA:121,19,1,0
BRDA:126,20,0,0
BRDA:126,20,1,0
BRDA:140,21,0,0
BRDA:140,21,1,0
BRDA:140,21,2,0
BRDA:140,21,3,0
BRDA:140,21,4,0
BRDA:143,22,0,0
BRDA:143,22,1,0
BRDA:156,23,0,0
BRDA:156,23,1,0
BRDA:165,24,0,0
BRDA:165,24,1,0
BRDA:186,25,0,0
BRDA:186,25,1,0
BRDA:187,26,0,0
BRDA:187,26,1,0
BRDA:188,27,0,0
BRDA:188,27,1,0
BRDA:188,28,0,0
BRDA:188,28,1,0
BRDA:191,29,0,0
BRDA:191,29,1,0
BRDA:195,30,0,0
BRDA:195,30,1,0
BRDA:202,31,0,0
BRDA:202,31,1,0
BRDA:206,32,0,0
BRDA:206,32,1,0
BRDA:218,33,0,0
BRDA:218,33,1,0
BRDA:221,34,0,0
BRDA:221,34,1,0
BRDA:222,35,0,0
BRDA:222,35,1,0
BRDA:231,36,0,0
BRDA:231,36,1,0
BRDA:232,37,0,0
BRDA:232,37,1,0
BRDA:246,38,0,0
BRDA:246,38,1,0
BRDA:255,39,0,0
BRDA:255,39,1,0
BRDA:283,40,0,0
BRDA:283,40,1,0
BRDA:288,41,0,0
BRDA:288,41,1,0
BRF:80
BRH:0
end_of_record
TN:
SF:src/components/common/ErrorBoundary.tsx
FN:22,(anonymous_0)
FN:32,(anonymous_1)
FN:39,(anonymous_2)
FN:64,(anonymous_3)
FN:68,(anonymous_4)
FN:98,(anonymous_5)
FN:107,(anonymous_6)
FN:111,(anonymous_7)
FN:115,(anonymous_8)
FN:132,(anonymous_9)
FN:276,(anonymous_10)
FN:280,(anonymous_11)
FN:292,(anonymous_12)
FN:293,(anonymous_13)
FNF:14
FNH:0
FNDA:0,(anonymous_0)
FNDA:0,(anonymous_1)
FNDA:0,(anonymous_2)
FNDA:0,(anonymous_3)
FNDA:0,(anonymous_4)
FNDA:0,(anonymous_5)
FNDA:0,(anonymous_6)
FNDA:0,(anonymous_7)
FNDA:0,(anonymous_8)
FNDA:0,(anonymous_9)
FNDA:0,(anonymous_10)
FNDA:0,(anonymous_11)
FNDA:0,(anonymous_12)
FNDA:0,(anonymous_13)
DA:23,0
DA:24,0
DA:33,0
DA:40,0
DA:42,0
DA:49,0
DA:50,0
DA:51,0
DA:52,0
DA:53,0
DA:54,0
DA:58,0
DA:61,0
DA:65,0
DA:69,0
DA:81,0
DA:83,0
DA:87,0
DA:88,0
DA:89,0
DA:91,0
DA:92,0
DA:94,0
DA:98,0
DA:99,0
DA:107,0
DA:108,0
DA:111,0
DA:112,0
DA:115,0
DA:116,0
DA:117,0
DA:118,0
DA:128,0
DA:129,0
DA:133,0
DA:134,0
DA:136,0
DA:138,0
DA:139,0
DA:143,0
DA:144,0
DA:182,0
DA:183,0
DA:240,0
DA:271,0
DA:276,0
DA:280,0
DA:281,0
DA:286,0
DA:288,0
DA:292,0
DA:293,0
DA:294,0
DA:295,0
LF:55
LH:0
BRDA:49,0,0,0
BRDA:49,0,1,0
BRDA:77,1,0,0
BRDA:77,1,1,0
BRDA:81,2,0,0
BRDA:81,2,1,0
BRDA:88,3,0,0
BRDA:88,3,1,0
BRDA:134,4,0,0
BRDA:134,5,0,0
BRDA:136,6,0,0
BRDA:136,6,1,0
BRDA:138,7,0,0
BRDA:138,7,1,0
BRDA:143,8,0,0
BRDA:143,8,1,0
BRDA:155,9,0,0
BRDA:155,9,1,0
BRDA:182,10,0,0
BRDA:182,10,1,0
BRDA:194,11,0,0
BRDA:194,11,1,0
BRDA:217,12,0,0
BRDA:217,12,1,0
BRDA:217,12,2,0
BRDA:226,13,0,0
BRDA:226,13,1,0
BRDA:251,14,0,0
BRDA:251,14,1,0
BRDA:286,15,0,0
BRDA:286,15,1,0
BRDA:296,16,0,0
BRDA:296,16,1,0
BRF:33
BRH:0
end_of_record
TN:
SF:src/components/common/Modal.tsx
FN:22,(anonymous_0)
FN:39,(anonymous_1)
FN:40,(anonymous_2)
FN:51,(anonymous_3)
FN:68,(anonymous_4)
FN:149,(anonymous_5)
FN:214,(anonymous_6)
FNF:7
FNH:0
FNDA:0,(anonymous_0)
FNDA:0,(anonymous_1)
FNDA:0,(anonymous_2)
FNDA:0,(anonymous_3)
FNDA:0,(anonymous_4)
FNDA:0,(anonymous_5)
FNDA:0,(anonymous_6)
DA:22,0
DA:39,0
DA:40,0
DA:41,0
DA:42,0
DA:46,0
DA:47,0
DA:48,0
DA:51,0
DA:52,0
DA:53,0
DA:57,0
DA:59,0
DA:68,0
DA:69,0
DA:70,0
DA:74,0
DA:149,0
DA:160,0
DA:166,0
DA:214,0
DA:227,0
LF:22
LH:0
BRDA:28,0,0,0
BRDA:29,1,0,0
BRDA:30,2,0,0
BRDA:31,3,0,0
BRDA:32,4,0,0
BRDA:33,5,0,0
BRDA:34,6,0,0
BRDA:41,7,0,0
BRDA:41,7,1,0
BRDA:41,8,0,0
BRDA:41,8,1,0
BRDA:46,9,0,0
BRDA:46,9,1,0
BRDA:57,10,0,0
BRDA:57,10,1,0
BRDA:69,11,0,0
BRDA:69,11,1,0
BRDA:69,12,0,0
BRDA:69,12,1,0
BRDA:84,13,0,0
BRDA:84,13,1,0
BRDA:84,13,2,0
BRDA:84,13,3,0
BRDA:88,14,0,0
BRDA:88,14,1,0
BRDA:94,15,0,0
BRDA:94,15,1,0
BRDA:99,16,0,0
BRDA:99,16,1,0
BRDA:106,17,0,0
BRDA:106,17,1,0
BRDA:126,18,0,0
BRDA:126,18,1,0
BRDA:155,19,0,0
BRDA:156,20,0,0
BRDA:157,21,0,0
BRDA:158,22,0,0
BRDA:183,23,0,0
BRDA:183,23,1,0
BRDA:221,24,0,0
BRDA:222,25,0,0
BRDA:223,26,0,0
BRDA:224,27,0,0
BRF:43
BRH:0
end_of_record
TN:
SF:src/components/common/PageHeader.tsx
FN:9,(anonymous_0)
FNF:1
FNH:0
FNDA:0,(anonymous_0)
DA:9,0
DA:10,0
LF:2
LH:0
BRDA:16,0,0,0
BRDA:16,0,1,0
BRDA:22,1,0,0
BRDA:22,1,1,0
BRF:4
BRH:0
end_of_record
TN:
SF:src/components/common/StatsCard.tsx
FN:23,(anonymous_0)
FN:36,(anonymous_1)
FN:163,(anonymous_2)
FN:200,(anonymous_3)
FN:228,(anonymous_4)
FNF:5
FNH:0
FNDA:0,(anonymous_0)
FNDA:0,(anonymous_1)
FNDA:0,(anonymous_2)
FNDA:0,(anonymous_3)
FNDA:0,(anonymous_4)
DA:23,0
DA:36,0
DA:37,0
DA:39,0
DA:41,0
DA:43,0
DA:45,0
DA:47,0
DA:51,0
DA:62,0
DA:89,0
DA:95,0
DA:97,0
DA:98,0
DA:117,0
DA:163,0
DA:169,0
DA:178,0
DA:184,0
DA:200,0
DA:201,0
DA:202,0
DA:204,0
DA:228,0
DA:229,0
DA:231,0
LF:26
LH:0
BRDA:26,0,0,0
BRDA:28,1,0,0
BRDA:31,2,0,0
BRDA:32,3,0,0
BRDA:33,4,0,0
BRDA:34,5,0,0
BRDA:37,6,0,0
BRDA:37,6,1,0
BRDA:39,7,0,0
BRDA:39,7,1,0
BRDA:39,7,2,0
BRDA:39,7,3,0
BRDA:97,8,0,0
BRDA:97,8,1,0
BRDA:104,9,0,0
BRDA:104,9,1,0
BRDA:106,10,0,0
BRDA:106,10,1,0
BRDA:110,11,0,0
BRDA:110,11,1,0
BRDA:127,12,0,0
BRDA:127,12,1,0
BRDA:130,13,0,0
BRDA:130,13,1,0
BRDA:132,14,0,0
BRDA:132,14,1,0
BRDA:134,15,0,0
BRDA:134,15,1,0
BRDA:142,16,0,0
BRDA:142,16,1,0
BRDA:146,17,0,0
BRDA:146,17,1,0
BRDA:165,18,0,0
BRDA:166,19,0,0
BRDA:167,20,0,0
BRDA:201,21,0,0
BRDA:201,21,1,0
BRDA:207,22,0,0
BRDA:207,22,1,0
BRDA:210,23,0,0
BRDA:210,23,1,0
BRDA:210,24,0,0
BRDA:210,24,1,0
BRDA:212,25,0,0
BRDA:212,25,1,0
BRDA:214,26,0,0
BRDA:214,26,1,0
BRDA:228,27,0,0
BRDA:237,28,0,0
BRDA:237,28,1,0
BRDA:240,29,0,0
BRDA:240,29,1,0
BRDA:241,30,0,0
BRDA:241,30,1,0
BRDA:253,31,0,0
BRDA:253,31,1,0
BRF:56
BRH:0
end_of_record
TN:
SF:src/components/common/StatusBadge.tsx
FN:9,(anonymous_0)
FNF:1
FNH:0
FNDA:0,(anonymous_0)
DA:9,0
DA:10,0
LF:2
LH:0
BRF:0
BRH:0
end_of_record
TN:
SF:src/components/common/Form/FormActions.tsx
FN:11,(anonymous_0)
FNF:1
FNH:0
FNDA:0,(anonymous_0)
DA:11,0
DA:18,0
DA:23,0
DA:46,0
DA:53,0
LF:5
LH:0
BRDA:13,0,0,0
BRDA:14,1,0,0
BRDA:15,2,0,0
BRDA:16,3,0,0
BRDA:20,4,0,0
BRDA:20,4,1,0
BRDA:49,5,0,0
BRDA:49,5,1,0
BRF:8
BRH:0
end_of_record
TN:
SF:src/components/common/Form/FormCheckbox.tsx
FN:21,(anonymous_0)
FN:39,(anonymous_1)
FN:132,(anonymous_2)
FN:142,(anonymous_3)
FN:171,(anonymous_4)
FN:177,(anonymous_5)
FN:184,(anonymous_6)
FNF:7
FNH:0
FNDA:0,(anonymous_0)
FNDA:0,(anonymous_1)
FNDA:0,(anonymous_2)
FNDA:0,(anonymous_3)
FNDA:0,(anonymous_4)
FNDA:0,(anonymous_5)
FNDA:0,(anonymous_6)
DA:21,0
DA:35,0
DA:40,0
DA:43,0
DA:62,0
DA:85,0
DA:92,0
DA:103,0
DA:104,0
DA:112,0
DA:117,0
DA:123,0
DA:132,0
DA:142,0
DA:161,0
DA:172,0
DA:173,0
DA:174,0
DA:177,0
DA:184,0
LF:20
LH:0
BRDA:26,0,0,0
BRDA:27,1,0,0
BRDA:28,2,0,0
BRDA:29,3,0,0
BRDA:30,4,0,0
BRDA:31,5,0,0
BRDA:32,6,0,0
BRDA:96,7,0,0
BRDA:96,7,1,0
BRDA:96,8,0,0
BRDA:96,8,1,0
BRDA:99,9,0,0
BRDA:99,9,1,0
BRDA:103,10,0,0
BRDA:103,10,1,0
BRDA:109,11,0,0
BRDA:109,11,1,0
BRDA:114,12,0,0
BRDA:114,12,1,0
BRDA:120,13,0,0
BRDA:120,13,1,0
BRDA:139,14,0,0
BRDA:139,14,1,0
BRDA:142,15,0,0
BRDA:142,15,1,0
BRDA:145,16,0,0
BRDA:145,16,1,0
BRDA:150,17,0,0
BRDA:150,17,1,0
BRDA:173,18,0,0
BRDA:173,18,1,0
BRDA:173,19,0,0
BRDA:173,19,1,0
BRDA:184,20,0,0
BRDA:184,20,1,0
BRDA:186,21,0,0
BRDA:186,21,1,0
BRDA:186,21,2,0
BRDA:195,22,0,0
BRDA:195,22,1,0
BRDA:201,23,0,0
BRDA:201,23,1,0
BRDA:206,24,0,0
BRDA:206,24,1,0
BRF:44
BRH:0
end_of_record
TN:
SF:src/components/common/Form/FormDatePicker.tsx
FN:25,(anonymous_0)
FN:48,(anonymous_1)
FN:83,(anonymous_2)
FN:101,(anonymous_3)
FN:151,(anonymous_4)
FNF:5
FNH:0
FNDA:0,(anonymous_0)
FNDA:0,(anonymous_1)
FNDA:0,(anonymous_2)
FNDA:0,(anonymous_3)
FNDA:0,(anonymous_4)
DA:25,0
DA:42,0
DA:44,0
DA:49,0
DA:56,0
DA:63,0
DA:75,0
DA:83,0
DA:84,0
DA:86,0
DA:87,0
DA:89,0
DA:91,0
DA:93,0
DA:95,0
DA:97,0
DA:101,0
DA:102,0
DA:104,0
DA:105,0
DA:107,0
DA:113,0
DA:114,0
DA:115,0
DA:118,0
DA:119,0
DA:125,0
DA:128,0
DA:132,0
DA:151,0
LF:30
LH:0
BRDA:30,0,0,0
BRDA:31,1,0,0
BRDA:32,2,0,0
BRDA:33,3,0,0
BRDA:34,4,0,0
BRDA:38,5,0,0
BRDA:39,6,0,0
BRDA:64,7,0,0
BRDA:64,7,1,0
BRDA:67,8,0,0
BRDA:67,8,1,0
BRDA:70,9,0,0
BRDA:70,9,1,0
BRDA:84,10,0,0
BRDA:84,10,1,0
BRDA:87,11,0,0
BRDA:87,11,1,0
BRDA:89,12,0,0
BRDA:89,12,1,0
BRDA:89,12,2,0
BRDA:89,12,3,0
BRDA:102,13,0,0
BRDA:102,13,1,0
BRDA:105,14,0,0
BRDA:105,14,1,0
BRDA:113,15,0,0
BRDA:113,15,1,0
BRDA:113,16,0,0
BRDA:113,16,1,0
BRDA:118,17,0,0
BRDA:118,17,1,0
BRDA:128,18,0,0
BRDA:128,18,1,0
BRDA:129,19,0,0
BRDA:129,19,1,0
BRDA:134,20,0,0
BRDA:134,20,1,0
BRDA:150,21,0,0
BRDA:150,21,1,0
BRDA:160,22,0,0
BRDA:160,22,1,0
BRDA:160,22,2,0
BRF:42
BRH:0
end_of_record
TN:
SF:src/components/common/Form/FormError.tsx
FN:11,(anonymous_0)
FNF:1
FNH:0
FNDA:0,(anonymous_0)
DA:11,0
DA:16,0
DA:18,0
LF:3
LH:0
BRDA:14,0,0,0
BRDA:16,1,0,0
BRDA:16,1,1,0
BRDA:20,2,0,0
BRDA:20,2,1,0
BRF:5
BRH:0
end_of_record
TN:
SF:src/components/common/Form/FormField.tsx
FN:19,(anonymous_0)
FNF:1
FNH:0
FNDA:0,(anonymous_0)
DA:19,0
DA:31,0
LF:2
LH:0
BRDA:33,0,0,0
BRDA:33,0,1,0
BRDA:44,1,0,0
BRDA:44,1,1,0
BRDA:54,2,0,0
BRDA:54,2,1,0
BRF:6
BRH:0
end_of_record
TN:
SF:src/components/common/Form/FormFileUpload.tsx
FN:29,(anonymous_0)
FN:50,(anonymous_1)
FN:58,(anonymous_2)
FN:68,(anonymous_3)
FN:86,(anonymous_4)
FN:87,(anonymous_5)
FN:94,(anonymous_6)
FN:127,(anonymous_7)
FN:137,(anonymous_8)
FN:145,(anonymous_9)
FN:151,(anonymous_10)
FN:155,(anonymous_11)
FN:156,(anonymous_12)
FN:171,(anonymous_13)
FN:246,(anonymous_14)
FN:274,(anonymous_15)
FNF:16
FNH:0
FNDA:0,(anonymous_0)
FNDA:0,(anonymous_1)
FNDA:0,(anonymous_2)
FNDA:0,(anonymous_3)
FNDA:0,(anonymous_4)
FNDA:0,(anonymous_5)
FNDA:0,(anonymous_6)
FNDA:0,(anonymous_7)
FNDA:0,(anonymous_8)
FNDA:0,(anonymous_9)
FNDA:0,(anonymous_10)
FNDA:0,(anonymous_11)
FNDA:0,(anonymous_12)
FNDA:0,(anonymous_13)
FNDA:0,(anonymous_14)
FNDA:0,(anonymous_15)
DA:29,0
DA:46,0
DA:47,0
DA:48,0
DA:50,0
DA:51,0
DA:52,0
DA:53,0
DA:54,0
DA:55,0
DA:58,0
DA:59,0
DA:60,0
DA:61,0
DA:62,0
DA:64,0
DA:68,0
DA:69,0
DA:71,0
DA:72,0
DA:75,0
DA:76,0
DA:79,0
DA:82,0
DA:87,0
DA:88,0
DA:90,0
DA:91,0
DA:92,0
DA:94,0
DA:95,0
DA:96,0
DA:97,0
DA:99,0
DA:100,0
DA:101,0
DA:103,0
DA:107,0
DA:108,0
DA:109,0
DA:110,0
DA:111,0
DA:113,0
DA:114,0
DA:116,0
DA:117,0
DA:118,0
DA:122,0
DA:123,0
DA:127,0
DA:128,0
DA:129,0
DA:130,0
DA:132,0
DA:133,0
DA:137,0
DA:138,0
DA:139,0
DA:140,0
DA:141,0
DA:145,0
DA:146,0
DA:147,0
DA:148,0
DA:151,0
DA:152,0
DA:155,0
DA:156,0
DA:157,0
DA:159,0
DA:160,0
DA:162,0
DA:166,0
DA:167,0
DA:171,0
DA:172,0
DA:173,0
DA:177,0
DA:187,0
DA:195,0
DA:247,0
DA:274,0
LF:82
LH:0
BRDA:33,0,0,0
BRDA:34,1,0,0
BRDA:35,2,0,0
BRDA:38,3,0,0
BRDA:39,4,0,0
BRDA:40,5,0,0
BRDA:41,6,0,0
BRDA:42,7,0,0
BRDA:43,8,0,0
BRDA:51,9,0,0
BRDA:51,9,1,0
BRDA:59,10,0,0
BRDA:59,10,1,0
BRDA:61,11,0,0
BRDA:61,11,1,0
BRDA:71,12,0,0
BRDA:71,12,1,0
BRDA:71,13,0,0
BRDA:71,13,1,0
BRDA:75,14,0,0
BRDA:75,14,1,0
BRDA:75,15,0,0
BRDA:75,15,1,0
BRDA:88,16,0,0
BRDA:88,16,1,0
BRDA:96,17,0,0
BRDA:96,17,1,0
BRDA:100,18,0,0
BRDA:100,18,1,0
BRDA:100,19,0,0
BRDA:100,19,1,0
BRDA:107,20,0,0
BRDA:107,20,1,0
BRDA:109,21,0,0
BRDA:109,21,1,0
BRDA:116,22,0,0
BRDA:116,22,1,0
BRDA:122,23,0,0
BRDA:122,23,1,0
BRDA:132,24,0,0
BRDA:132,24,1,0
BRDA:140,25,0,0
BRDA:140,25,1,0
BRDA:159,26,0,0
BRDA:159,26,1,0
BRDA:166,27,0,0
BRDA:166,27,1,0
BRDA:172,28,0,0
BRDA:172,28,1,0
BRDA:172,29,0,0
BRDA:172,29,1,0
BRDA:181,30,0,0
BRDA:181,30,1,0
BRDA:182,31,0,0
BRDA:182,31,1,0
BRDA:183,32,0,0
BRDA:183,32,1,0
BRDA:191,33,0,0
BRDA:191,33,1,0
BRDA:192,34,0,0
BRDA:192,34,1,0
BRDA:197,35,0,0
BRDA:197,35,1,0
BRDA:214,36,0,0
BRDA:214,36,1,0
BRDA:227,37,0,0
BRDA:227,37,1,0
BRDA:228,38,0,0
BRDA:228,38,1,0
BRDA:239,39,0,0
BRDA:239,39,1,0
BRDA:244,40,0,0
BRDA:244,40,1,0
BRDA:252,41,0,0
BRDA:252,41,1,0
BRDA:252,42,0,0
BRDA:252,42,1,0
BRDA:271,43,0,0
BRDA:271,43,1,0
BRDA:285,44,0,0
BRDA:285,44,1,0
BRDA:285,44,2,0
BRF:82
BRH:0
end_of_record
TN:
SF:src/components/common/Form/FormInput.tsx
FN:17,(anonymous_0)
FN:39,(anonymous_1)
FN:69,(anonymous_2)
FN:75,(anonymous_3)
FNF:4
FNH:0
FNDA:0,(anonymous_0)
FNDA:0,(anonymous_1)
FNDA:0,(anonymous_2)
FNDA:0,(anonymous_3)
DA:16,0
DA:35,0
DA:36,0
DA:39,0
DA:40,0
DA:41,0
DA:43,0
DA:47,0
DA:53,0
DA:69,0
DA:70,0
DA:71,0
DA:75,0
DA:76,0
DA:79,0
DA:141,0
LF:16
LH:0
BRDA:20,0,0,0
BRDA:21,1,0,0
BRDA:22,2,0,0
BRDA:40,3,0,0
BRDA:40,3,1,0
BRDA:41,4,0,0
BRDA:41,4,1,0
BRDA:63,5,0,0
BRDA:63,5,1,0
BRDA:64,6,0,0
BRDA:64,6,1,0
BRDA:64,6,2,0
BRDA:64,6,3,0
BRDA:70,7,0,0
BRDA:70,7,1,0
BRDA:82,8,0,0
BRDA:82,8,1,0
BRDA:82,8,2,0
BRDA:84,9,0,0
BRDA:84,9,1,0
BRDA:84,9,2,0
BRDA:93,10,0,0
BRDA:93,10,1,0
BRDA:101,11,0,0
BRDA:101,11,1,0
BRDA:106,12,0,0
BRDA:106,12,1,0
BRDA:106,12,2,0
BRDA:106,12,3,0
BRDA:118,13,0,0
BRDA:118,13,1,0
BRDA:118,13,2,0
BRDA:125,14,0,0
BRDA:125,14,1,0
BRDA:130,15,0,0
BRDA:130,15,1,0
BRDA:130,15,2,0
BRDA:130,15,3,0
BRDA:130,15,4,0
BRF:39
BRH:0
end_of_record
TN:
SF:src/components/common/Form/FormLabel.tsx
FN:9,(anonymous_0)
FNF:1
FNH:0
FNDA:0,(anonymous_0)
DA:9,0
DA:16,0
LF:2
LH:0
BRDA:29,0,0,0
BRDA:29,0,1,0
BRF:2
BRH:0
end_of_record
TN:
SF:src/components/common/Form/FormRadio.tsx
FN:28,(anonymous_0)
FN:46,(anonymous_1)
FN:122,(anonymous_2)
FN:148,(anonymous_3)
FN:162,(anonymous_4)
FNF:5
FNH:0
FNDA:0,(anonymous_0)
FNDA:0,(anonymous_1)
FNDA:0,(anonymous_2)
FNDA:0,(anonymous_3)
FNDA:0,(anonymous_4)
DA:28,0
DA:42,0
DA:48,0
DA:67,0
DA:94,0
DA:101,0
DA:107,0
DA:113,0
DA:123,0
DA:124,0
DA:125,0
DA:127,0
DA:137,0
DA:144,0
DA:149,0
DA:150,0
DA:162,0
LF:17
LH:0
BRDA:32,0,0,0
BRDA:33,1,0,0
BRDA:34,2,0,0
BRDA:35,3,0,0
BRDA:36,4,0,0
BRDA:37,5,0,0
BRDA:38,6,0,0
BRDA:115,7,0,0
BRDA:115,7,1,0
BRDA:124,8,0,0
BRDA:124,8,1,0
BRDA:131,9,0,0
BRDA:131,9,1,0
BRDA:134,10,0,0
BRDA:134,10,1,0
BRDA:137,11,0,0
BRDA:137,11,1,0
BRDA:139,12,0,0
BRDA:139,12,1,0
BRDA:140,13,0,0
BRDA:140,13,1,0
BRDA:141,14,0,0
BRDA:141,14,1,0
BRDA:149,15,0,0
BRDA:149,15,1,0
BRDA:168,16,0,0
BRDA:168,16,1,0
BRDA:184,17,0,0
BRDA:184,17,1,0
BRDA:195,18,0,0
BRDA:195,18,1,0
BRDA:195,18,2,0
BRF:32
BRH:0
end_of_record
TN:
SF:src/components/common/Form/FormSection.tsx
FN:13,(anonymous_0)
FN:24,(anonymous_1)
FNF:2
FNH:0
FNDA:0,(anonymous_0)
FNDA:0,(anonymous_1)
DA:13,0
DA:22,0
DA:24,0
DA:25,0
DA:26,0
DA:30,0
DA:36,0
DA:41,0
LF:8
LH:0
BRDA:17,0,0,0
BRDA:18,1,0,0
BRDA:19,2,0,0
BRDA:20,3,0,0
BRDA:25,4,0,0
BRDA:25,4,1,0
BRDA:38,5,0,0
BRDA:38,5,1,0
BRDA:43,6,0,0
BRDA:43,6,1,0
BRDA:43,6,2,0
BRDA:47,7,0,0
BRDA:47,7,1,0
BRDA:52,8,0,0
BRDA:52,8,1,0
BRDA:58,9,0,0
BRDA:58,9,1,0
BRDA:65,10,0,0
BRDA:65,10,1,0
BRDA:84,11,0,0
BRDA:84,11,1,0
BRDA:84,11,2,0
BRF:22
BRH:0
end_of_record
TN:
SF:src/components/common/Form/FormSelect.tsx
FN:23,(anonymous_0)
FN:43,(anonymous_1)
FN:96,(anonymous_2)
FN:98,(anonymous_3)
FN:111,(anonymous_4)
FNF:5
FNH:0
FNDA:0,(anonymous_0)
FNDA:0,(anonymous_1)
FNDA:0,(anonymous_2)
FNDA:0,(anonymous_3)
FNDA:0,(anonymous_4)
DA:23,0
DA:39,0
DA:44,0
DA:51,0
DA:58,0
DA:70,0
DA:80,0
DA:97,0
DA:98,0
DA:99,0
DA:101,0
DA:112,0
LF:12
LH:0
BRDA:27,0,0,0
BRDA:28,1,0,0
BRDA:29,2,0,0
BRDA:30,3,0,0
BRDA:31,4,0,0
BRDA:32,5,0,0
BRDA:33,6,0,0
BRDA:35,7,0,0
BRDA:36,8,0,0
BRDA:59,9,0,0
BRDA:59,9,1,0
BRDA:62,10,0,0
BRDA:62,10,1,0
BRDA:65,11,0,0
BRDA:65,11,1,0
BRDA:82,12,0,0
BRDA:82,12,1,0
BRDA:95,13,0,0
BRDA:95,13,1,0
BRDA:95,14,0,0
BRDA:95,14,1,0
BRDA:97,15,0,0
BRDA:97,15,1,0
BRDA:106,16,0,0
BRDA:106,16,1,0
BRDA:106,16,2,0
BRDA:123,17,0,0
BRDA:123,17,1,0
BRDA:123,17,2,0
BRF:29
BRH:0
end_of_record
TN:
SF:src/components/common/Form/FormTextarea.tsx
FN:26,(anonymous_0)
FN:49,(anonymous_1)
FN:93,(anonymous_2)
FNF:3
FNH:0
FNDA:0,(anonymous_0)
FNDA:0,(anonymous_1)
FNDA:0,(anonymous_2)
DA:26,0
DA:45,0
DA:50,0
DA:57,0
DA:64,0
DA:77,0
DA:84,0
DA:93,0
DA:94,0
DA:97,0
DA:98,0
DA:99,0
DA:100,0
DA:104,0
DA:105,0
DA:107,0
LF:16
LH:0
BRDA:31,0,0,0
BRDA:32,1,0,0
BRDA:33,2,0,0
BRDA:34,3,0,0
BRDA:35,4,0,0
BRDA:37,5,0,0
BRDA:41,6,0,0
BRDA:42,7,0,0
BRDA:65,8,0,0
BRDA:65,8,1,0
BRDA:68,9,0,0
BRDA:68,9,1,0
BRDA:71,10,0,0
BRDA:71,10,1,0
BRDA:89,11,0,0
BRDA:89,11,1,0
BRDA:97,12,0,0
BRDA:97,12,1,0
BRDA:104,13,0,0
BRDA:104,13,1,0
BRDA:105,14,0,0
BRDA:105,14,1,0
BRDA:109,15,0,0
BRDA:109,15,1,0
BRDA:121,16,0,0
BRDA:121,16,1,0
BRDA:130,17,0,0
BRDA:130,17,1,0
BRDA:137,18,0,0
BRDA:137,18,1,0
BRDA:137,18,2,0
BRDA:141,19,0,0
BRDA:141,19,1,0
BRDA:141,19,2,0
BRDA:141,19,3,0
BRF:35
BRH:0
end_of_record
TN:
SF:src/components/common/Form/index.ts
FNF:0
FNH:0
LF:0
LH:0
BRF:0
BRH:0
end_of_record
TN:
SF:src/components/layout/AdminLayout.tsx
FN:5,(anonymous_0)
FN:13,(anonymous_1)
FN:17,(anonymous_2)
FNF:3
FNH:0
FNDA:0,(anonymous_0)
FNDA:0,(anonymous_1)
FNDA:0,(anonymous_2)
DA:5,0
DA:7,0
DA:14,0
DA:18,0
DA:32,0
LF:5
LH:0
BRDA:19,0,0,0
BRDA:19,0,1,0
BRF:2
BRH:0
end_of_record
TN:
SF:src/components/layout/ClientLayout.tsx
FN:5,(anonymous_0)
FN:15,(anonymous_1)
FN:19,(anonymous_2)
FNF:3
FNH:0
FNDA:0,(anonymous_0)
FNDA:0,(anonymous_1)
FNDA:0,(anonymous_2)
DA:5,0
DA:7,0
DA:16,0
DA:20,0
DA:34,0
LF:5
LH:0
BRDA:21,0,0,0
BRDA:21,0,1,0
BRF:2
BRH:0
end_of_record
TN:
SF:src/components/ui/NotificationProvider.tsx
FN:5,(anonymous_0)
FN:7,(anonymous_1)
FN:9,(anonymous_2)
FN:11,(anonymous_3)
FN:17,(anonymous_4)
FN:31,(anonymous_5)
FN:79,(anonymous_6)
FNF:7
FNH:0
FNDA:0,(anonymous_0)
FNDA:0,(anonymous_1)
FNDA:0,(anonymous_2)
FNDA:0,(anonymous_3)
FNDA:0,(anonymous_4)
FNDA:0,(anonymous_5)
FNDA:0,(anonymous_6)
DA:5,0
DA:6,0
DA:7,0
DA:9,0
DA:11,0
DA:12,0
DA:13,0
DA:14,0
DA:16,0
DA:17,0
DA:18,0
DA:21,0
DA:27,0
DA:29,0
DA:32,0
DA:79,0
LF:16
LH:0
BRDA:12,0,0,0
BRDA:12,0,1,0
BRDA:12,1,0,0
BRDA:12,1,1,0
BRDA:16,2,0,0
BRDA:16,2,1,0
BRDA:27,3,0,0
BRDA:27,3,1,0
BRDA:36,4,0,0
BRDA:36,4,1,0
BRDA:37,5,0,0
BRDA:37,5,1,0
BRDA:38,6,0,0
BRDA:38,6,1,0
BRDA:39,7,0,0
BRDA:39,7,1,0
BRDA:45,8,0,0
BRDA:45,8,1,0
BRDA:50,9,0,0
BRDA:50,9,1,0
BRDA:55,10,0,0
BRDA:55,10,1,0
BRDA:60,11,0,0
BRDA:60,11,1,0
BRDA:70,12,0,0
BRDA:70,12,1,0
BRF:26
BRH:0
end_of_record
TN:
SF:src/components/ui/toaster.tsx
FN:23,(anonymous_0)
FN:28,(anonymous_1)
FN:29,(anonymous_2)
FN:30,(anonymous_3)
FN:34,(anonymous_4)
FN:36,(anonymous_5)
FN:39,(anonymous_6)
FN:43,(anonymous_7)
FN:45,(anonymous_8)
FN:50,(anonymous_9)
FN:121,Toaster
FN:123,(anonymous_11)
FN:128,(anonymous_12)
FN:141,(anonymous_13)
FN:151,(anonymous_14)
FN:152,(anonymous_15)
FN:160,(anonymous_16)
FN:165,(anonymous_17)
FN:166,(anonymous_18)
FN:191,(anonymous_19)
FN:206,(anonymous_20)
FN:219,(anonymous_21)
FN:232,(anonymous_22)
FN:245,(anonymous_23)
FN:260,(anonymous_24)
FN:264,(anonymous_25)
FN:276,(anonymous_26)
FN:288,(anonymous_27)
FN:300,(anonymous_28)
FN:312,(anonymous_29)
FN:316,(anonymous_30)
FNF:31
FNH:0
FNDA:0,(anonymous_0)
FNDA:0,(anonymous_1)
FNDA:0,(anonymous_2)
FNDA:0,(anonymous_3)
FNDA:0,(anonymous_4)
FNDA:0,(anonymous_5)
FNDA:0,(anonymous_6)
FNDA:0,(anonymous_7)
FNDA:0,(anonymous_8)
FNDA:0,(anonymous_9)
FNDA:0,Toaster
FNDA:0,(anonymous_11)
FNDA:0,(anonymous_12)
FNDA:0,(anonymous_13)
FNDA:0,(anonymous_14)
FNDA:0,(anonymous_15)
FNDA:0,(anonymous_16)
FNDA:0,(anonymous_17)
FNDA:0,(anonymous_18)
FNDA:0,(anonymous_19)
FNDA:0,(anonymous_20)
FNDA:0,(anonymous_21)
FNDA:0,(anonymous_22)
FNDA:0,(anonymous_23)
FNDA:0,(anonymous_24)
FNDA:0,(anonymous_25)
FNDA:0,(anonymous_26)
FNDA:0,(anonymous_27)
FNDA:0,(anonymous_28)
FNDA:0,(anonymous_29)
FNDA:0,(anonymous_30)
DA:23,0
DA:24,0
DA:25,0
DA:28,0
DA:29,0
DA:30,0
DA:34,0
DA:35,0
DA:36,0
DA:37,0
DA:39,0
DA:43,0
DA:44,0
DA:45,0
DA:46,0
DA:50,0
DA:51,0
DA:53,0
DA:55,0
DA:57,0
DA:59,0
DA:61,0
DA:67,0
DA:122,0
DA:123,0
DA:124,0
DA:125,0
DA:128,0
DA:129,0
DA:131,0
DA:132,0
DA:133,0
DA:134,0
DA:135,0
DA:136,0
DA:139,0
DA:141,0
DA:143,0
DA:144,0
DA:145,0
DA:151,0
DA:152,0
DA:160,0
DA:161,0
DA:165,0
DA:166,0
DA:167,0
DA:171,0
DA:172,0
DA:175,0
DA:192,0
DA:205,0
DA:207,0
DA:208,0
DA:220,0
DA:221,0
DA:233,0
DA:234,0
DA:246,0
DA:247,0
DA:260,0
DA:261,0
DA:263,0
DA:265,0
DA:277,0
DA:289,0
DA:301,0
DA:313,0
DA:317,0
LF:69
LH:0
BRDA:35,0,0,0
BRDA:35,0,1,0
BRDA:35,1,0,0
BRDA:35,1,1,0
BRDA:51,2,0,0
BRDA:51,2,1,0
BRDA:51,2,2,0
BRDA:51,2,3,0
BRDA:51,2,4,0
BRDA:70,3,0,0
BRDA:70,3,1,0
BRDA:70,4,0,0
BRDA:70,4,1,0
BRDA:85,5,0,0
BRDA:85,5,1,0
BRDA:104,6,0,0
BRDA:104,6,1,0
BRDA:104,6,2,0
BRDA:131,7,0,0
BRDA:131,7,1,0
BRDA:144,8,0,0
BRDA:144,8,1,0
BRDA:144,9,0,0
BRDA:144,9,1,0
BRDA:171,10,0,0
BRDA:171,10,1,0
BRDA:171,11,0,0
BRDA:171,11,1,0
BRDA:178,12,0,0
BRDA:178,12,1,0
BRDA:206,13,0,0
BRDA:219,14,0,0
BRDA:232,15,0,0
BRDA:245,16,0,0
BRDA:264,17,0,0
BRDA:276,18,0,0
BRDA:288,19,0,0
BRDA:300,20,0,0
BRF:38
BRH:0
end_of_record
TN:
SF:src/hooks/useApi.ts
FN:14,(anonymous_0)
FN:20,(anonymous_1)
FN:61,(anonymous_2)
FN:71,(anonymous_3)
FN:73,(anonymous_4)
FN:78,(anonymous_5)
FN:80,(anonymous_6)
FN:85,(anonymous_7)
FN:87,(anonymous_8)
FN:93,(anonymous_9)
FN:100,(anonymous_10)
FN:101,(anonymous_11)
FN:101,(anonymous_12)
FN:107,(anonymous_13)
FN:108,(anonymous_14)
FN:108,(anonymous_15)
FN:119,(anonymous_16)
FN:120,(anonymous_17)
FN:120,(anonymous_18)
FN:131,(anonymous_19)
FN:132,(anonymous_20)
FN:132,(anonymous_21)
FNF:22
FNH:0
FNDA:0,(anonymous_0)
FNDA:0,(anonymous_1)
FNDA:0,(anonymous_2)
FNDA:0,(anonymous_3)
FNDA:0,(anonymous_4)
FNDA:0,(anonymous_5)
FNDA:0,(anonymous_6)
FNDA:0,(anonymous_7)
FNDA:0,(anonymous_8)
FNDA:0,(anonymous_9)
FNDA:0,(anonymous_10)
FNDA:0,(anonymous_11)
FNDA:0,(anonymous_12)
FNDA:0,(anonymous_13)
FNDA:0,(anonymous_14)
FNDA:0,(anonymous_15)
FNDA:0,(anonymous_16)
FNDA:0,(anonymous_17)
FNDA:0,(anonymous_18)
FNDA:0,(anonymous_19)
FNDA:0,(anonymous_20)
FNDA:0,(anonymous_21)
DA:14,0
DA:15,0
DA:16,0
DA:17,0
DA:18,0
DA:20,0
DA:21,0
DA:22,0
DA:23,0
DA:24,0
DA:25,0
DA:26,0
DA:29,0
DA:30,0
DA:38,0
DA:39,0
DA:41,0
DA:42,0
DA:45,0
DA:46,0
DA:54,0
DA:55,0
DA:57,0
DA:61,0
DA:62,0
DA:63,0
DA:64,0
DA:67,0
DA:71,0
DA:72,0
DA:73,0
DA:78,0
DA:79,0
DA:80,0
DA:85,0
DA:86,0
DA:87,0
DA:93,0
DA:94,0
DA:95,0
DA:96,0
DA:100,0
DA:101,0
DA:102,0
DA:103,0
DA:107,0
DA:108,0
DA:109,0
DA:115,0
DA:119,0
DA:120,0
DA:121,0
DA:127,0
DA:131,0
DA:132,0
DA:133,0
DA:139,0
DA:143,0
LF:58
LH:0
BRDA:29,0,0,0
BRDA:29,0,1,0
BRDA:33,1,0,0
BRDA:33,1,1,0
BRDA:41,2,0,0
BRDA:41,2,1,0
BRDA:41,2,2,0
BRDA:45,3,0,0
BRDA:45,3,1,0
BRDA:93,4,0,0
BRDA:102,5,0,0
BRDA:102,5,1,0
BRF:12
BRH:0
end_of_record
TN:
SF:src/hooks/useAppDispatch.ts
FN:5,(anonymous_0)
FNF:1
FNH:0
FNDA:0,(anonymous_0)
DA:5,0
DA:6,0
LF:2
LH:0
BRF:0
BRH:0
end_of_record
TN:
SF:src/hooks/useDataLoader.ts
FN:21,useDataLoader
FN:35,(anonymous_1)
FN:50,(anonymous_2)
FN:57,(anonymous_3)
FN:76,usePaginatedDataLoader
FN:86,(anonymous_5)
FN:93,(anonymous_6)
FN:98,(anonymous_7)
FN:104,(anonymous_8)
FN:106,(anonymous_9)
FN:110,(anonymous_10)
FN:132,useFilteredDataLoader
FN:140,(anonymous_12)
FN:150,(anonymous_13)
FN:151,(anonymous_14)
FN:154,(anonymous_15)
FN:155,(anonymous_16)
FN:158,(anonymous_17)
FN:180,useCrudLoader
FN:188,(anonymous_19)
FN:193,(anonymous_20)
FN:200,(anonymous_21)
FN:204,(anonymous_22)
FN:205,(anonymous_23)
FN:212,(anonymous_24)
FN:213,(anonymous_25)
FN:225,(anonymous_26)
FN:230,(anonymous_27)
FN:230,(anonymous_28)
FN:255,useDependentDataLoader
FN:261,(anonymous_30)
FN:272,(anonymous_31)
FNF:32
FNH:0
FNDA:0,useDataLoader
FNDA:0,(anonymous_1)
FNDA:0,(anonymous_2)
FNDA:0,(anonymous_3)
FNDA:0,usePaginatedDataLoader
FNDA:0,(anonymous_5)
FNDA:0,(anonymous_6)
FNDA:0,(anonymous_7)
FNDA:0,(anonymous_8)
FNDA:0,(anonymous_9)
FNDA:0,(anonymous_10)
FNDA:0,useFilteredDataLoader
FNDA:0,(anonymous_12)
FNDA:0,(anonymous_13)
FNDA:0,(anonymous_14)
FNDA:0,(anonymous_15)
FNDA:0,(anonymous_16)
FNDA:0,(anonymous_17)
FNDA:0,useCrudLoader
FNDA:0,(anonymous_19)
FNDA:0,(anonymous_20)
FNDA:0,(anonymous_21)
FNDA:0,(anonymous_22)
FNDA:0,(anonymous_23)
FNDA:0,(anonymous_24)
FNDA:0,(anonymous_25)
FNDA:0,(anonymous_26)
FNDA:0,(anonymous_27)
FNDA:0,(anonymous_28)
FNDA:0,useDependentDataLoader
FNDA:0,(anonymous_30)
FNDA:0,(anonymous_31)
DA:29,0
DA:31,0
DA:32,0
DA:33,0
DA:35,0
DA:36,0
DA:37,0
DA:38,0
DA:39,0
DA:40,0
DA:42,0
DA:43,0
DA:44,0
DA:46,0
DA:50,0
DA:51,0
DA:52,0
DA:53,0
DA:57,0
DA:58,0
DA:59,0
DA:63,0
DA:80,0
DA:81,0
DA:82,0
DA:83,0
DA:85,0
DA:87,0
DA:88,0
DA:93,0
DA:94,0
DA:95,0
DA:96,0
DA:98,0
DA:100,0
DA:104,0
DA:105,0
DA:106,0
DA:110,0
DA:111,0
DA:112,0
DA:113,0
DA:116,0
DA:136,0
DA:137,0
DA:139,0
DA:141,0
DA:145,0
DA:150,0
DA:151,0
DA:154,0
DA:155,0
DA:158,0
DA:159,0
DA:160,0
DA:163,0
DA:186,0
DA:188,0
DA:189,0
DA:191,0
DA:192,0
DA:193,0
DA:194,0
DA:196,0
DA:200,0
DA:201,0
DA:204,0
DA:205,0
DA:206,0
DA:210,0
DA:211,0
DA:212,0
DA:213,0
DA:214,0
DA:217,0
DA:220,0
DA:221,0
DA:225,0
DA:226,0
DA:229,0
DA:230,0
DA:232,0
DA:233,0
DA:236,0
DA:237,0
DA:241,0
DA:260,0
DA:262,0
DA:263,0
DA:272,0
DA:273,0
DA:274,0
DA:276,0
DA:280,0
LF:94
LH:0
BRDA:23,0,0,0
BRDA:26,1,0,0
BRDA:27,2,0,0
BRDA:28,3,0,0
BRDA:42,4,0,0
BRDA:42,4,1,0
BRDA:58,5,0,0
BRDA:58,5,1,0
BRDA:78,6,0,0
BRDA:94,7,0,0
BRDA:94,7,1,0
BRDA:95,8,0,0
BRDA:95,8,1,0
BRDA:105,9,0,0
BRDA:105,9,1,0
BRDA:105,10,0,0
BRDA:105,10,1,0
BRDA:143,11,0,0
BRDA:143,11,1,0
BRDA:164,12,0,0
BRDA:164,12,1,0
BRDA:189,13,0,0
BRDA:189,13,1,0
BRDA:193,14,0,0
BRDA:193,14,1,0
BRDA:201,15,0,0
BRDA:201,15,1,0
BRDA:205,16,0,0
BRDA:205,16,1,0
BRDA:206,17,0,0
BRDA:206,17,1,0
BRDA:213,18,0,0
BRDA:213,18,1,0
BRDA:214,19,0,0
BRDA:214,19,1,0
BRDA:226,20,0,0
BRDA:226,20,1,0
BRDA:230,21,0,0
BRDA:230,21,1,0
BRDA:242,22,0,0
BRDA:242,22,1,0
BRDA:258,23,0,0
BRDA:262,24,0,0
BRDA:262,24,1,0
BRDA:273,25,0,0
BRDA:273,25,1,0
BRF:46
BRH:0
end_of_record
TN:
SF:src/hooks/useGenericForm.ts
FN:32,(anonymous_0)
FN:69,(anonymous_1)
FN:70,(anonymous_2)
FN:102,(anonymous_3)
FN:144,(anonymous_4)
FN:150,(anonymous_5)
FN:154,(anonymous_6)
FN:158,(anonymous_7)
FN:178,(anonymous_8)
FN:191,(anonymous_9)
FN:207,(anonymous_10)
FN:223,(anonymous_11)
FN:236,(anonymous_12)
FN:247,(anonymous_13)
FN:248,(anonymous_14)
FN:251,(anonymous_15)
FN:252,(anonymous_16)
FN:252,(anonymous_17)
FN:256,(anonymous_18)
FN:274,(anonymous_19)
FN:291,(anonymous_20)
FN:293,(anonymous_21)
FN:301,(anonymous_22)
FN:313,(anonymous_23)
FN:316,(anonymous_24)
FN:317,(anonymous_25)
FN:322,(anonymous_26)
FN:324,(anonymous_27)
FN:328,(anonymous_28)
FNF:29
FNH:0
FNDA:0,(anonymous_0)
FNDA:0,(anonymous_1)
FNDA:0,(anonymous_2)
FNDA:0,(anonymous_3)
FNDA:0,(anonymous_4)
FNDA:0,(anonymous_5)
FNDA:0,(anonymous_6)
FNDA:0,(anonymous_7)
FNDA:0,(anonymous_8)
FNDA:0,(anonymous_9)
FNDA:0,(anonymous_10)
FNDA:0,(anonymous_11)
FNDA:0,(anonymous_12)
FNDA:0,(anonymous_13)
FNDA:0,(anonymous_14)
FNDA:0,(anonymous_15)
FNDA:0,(anonymous_16)
FNDA:0,(anonymous_17)
FNDA:0,(anonymous_18)
FNDA:0,(anonymous_19)
FNDA:0,(anonymous_20)
FNDA:0,(anonymous_21)
FNDA:0,(anonymous_22)
FNDA:0,(anonymous_23)
FNDA:0,(anonymous_24)
FNDA:0,(anonymous_25)
FNDA:0,(anonymous_26)
FNDA:0,(anonymous_27)
FNDA:0,(anonymous_28)
DA:32,0
DA:35,0
DA:36,0
DA:37,0
DA:50,0
DA:53,0
DA:65,0
DA:68,0
DA:70,0
DA:71,0
DA:72,0
DA:73,0
DA:75,0
DA:77,0
DA:80,0
DA:81,0
DA:90,0
DA:91,0
DA:95,0
DA:97,0
DA:98,0
DA:101,0
DA:102,0
DA:103,0
DA:111,0
DA:112,0
DA:121,0
DA:123,0
DA:144,0
DA:145,0
DA:146,0
DA:147,0
DA:150,0
DA:151,0
DA:154,0
DA:155,0
DA:158,0
DA:159,0
DA:160,0
DA:163,0
DA:178,0
DA:179,0
DA:191,0
DA:192,0
DA:207,0
DA:208,0
DA:223,0
DA:224,0
DA:236,0
DA:240,0
DA:242,0
DA:247,0
DA:248,0
DA:251,0
DA:252,0
DA:253,0
DA:256,0
DA:257,0
DA:258,0
DA:260,0
DA:264,0
DA:274,0
DA:282,0
DA:283,0
DA:285,0
DA:287,0
DA:288,0
DA:289,0
DA:291,0
DA:292,0
DA:293,0
DA:294,0
DA:295,0
DA:298,0
DA:300,0
DA:301,0
DA:302,0
DA:307,0
DA:310,0
DA:313,0
DA:314,0
DA:315,0
DA:316,0
DA:317,0
DA:319,0
DA:322,0
DA:323,0
DA:324,0
DA:328,0
DA:329,0
DA:330,0
DA:334,0
LF:92
LH:0
BRDA:33,0,0,0
BRDA:44,1,0,0
BRDA:45,2,0,0
BRDA:46,3,0,0
BRDA:47,4,0,0
BRDA:48,5,0,0
BRDA:54,6,0,0
BRDA:54,6,1,0
BRDA:55,7,0,0
BRDA:55,7,1,0
BRDA:77,8,0,0
BRDA:77,8,1,0
BRDA:80,9,0,0
BRDA:80,9,1,0
BRDA:90,10,0,0
BRDA:90,10,1,0
BRDA:97,11,0,0
BRDA:97,11,1,0
BRDA:97,11,2,0
BRDA:101,12,0,0
BRDA:101,12,1,0
BRDA:101,13,0,0
BRDA:101,13,1,0
BRDA:111,14,0,0
BRDA:111,14,1,0
BRDA:238,15,0,0
BRDA:257,16,0,0
BRDA:257,16,1,0
BRDA:292,17,0,0
BRDA:292,17,1,0
BRDA:300,18,0,0
BRDA:300,18,1,0
BRDA:315,19,0,0
BRDA:315,19,1,0
BRDA:315,20,0,0
BRDA:315,20,1,0
BRDA:323,21,0,0
BRDA:323,21,1,0
BRDA:329,22,0,0
BRDA:329,22,1,0
BRDA:329,23,0,0
BRDA:329,23,1,0
BRF:42
BRH:0
end_of_record
TN:
SF:src/lib/api.ts
FN:39,(anonymous_0)
FN:51,(anonymous_1)
FN:52,(anonymous_2)
FN:58,(anonymous_3)
FN:70,(anonymous_4)
FN:92,(anonymous_5)
FN:100,(anonymous_6)
FN:114,(anonymous_7)
FN:143,(anonymous_8)
FN:157,(anonymous_9)
FN:192,(anonymous_10)
FN:197,(anonymous_11)
FN:203,(anonymous_12)
FN:209,(anonymous_13)
FN:215,(anonymous_14)
FN:221,(anonymous_15)
FN:227,(anonymous_16)
FN:244,(anonymous_17)
FN:259,(anonymous_18)
FN:271,(anonymous_19)
FN:272,(anonymous_20)
FN:274,(anonymous_21)
FN:290,(anonymous_22)
FN:294,(anonymous_23)
FN:298,(anonymous_24)
FN:302,(anonymous_25)
FN:306,(anonymous_26)
FN:310,(anonymous_27)
FN:314,(anonymous_28)
FN:318,(anonymous_29)
FN:322,(anonymous_30)
FN:328,(anonymous_31)
FN:332,(anonymous_32)
FN:336,(anonymous_33)
FN:340,(anonymous_34)
FN:344,(anonymous_35)
FN:348,(anonymous_36)
FN:354,(anonymous_37)
FN:358,(anonymous_38)
FN:362,(anonymous_39)
FN:366,(anonymous_40)
FN:370,(anonymous_41)
FN:376,(anonymous_42)
FN:380,(anonymous_43)
FN:384,(anonymous_44)
FN:388,(anonymous_45)
FN:392,(anonymous_46)
FN:396,(anonymous_47)
FNF:48
FNH:0
FNDA:0,(anonymous_0)
FNDA:0,(anonymous_1)
FNDA:0,(anonymous_2)
FNDA:0,(anonymous_3)
FNDA:0,(anonymous_4)
FNDA:0,(anonymous_5)
FNDA:0,(anonymous_6)
FNDA:0,(anonymous_7)
FNDA:0,(anonymous_8)
FNDA:0,(anonymous_9)
FNDA:0,(anonymous_10)
FNDA:0,(anonymous_11)
FNDA:0,(anonymous_12)
FNDA:0,(anonymous_13)
FNDA:0,(anonymous_14)
FNDA:0,(anonymous_15)
FNDA:0,(anonymous_16)
FNDA:0,(anonymous_17)
FNDA:0,(anonymous_18)
FNDA:0,(anonymous_19)
FNDA:0,(anonymous_20)
FNDA:0,(anonymous_21)
FNDA:0,(anonymous_22)
FNDA:0,(anonymous_23)
FNDA:0,(anonymous_24)
FNDA:0,(anonymous_25)
FNDA:0,(anonymous_26)
FNDA:0,(anonymous_27)
FNDA:0,(anonymous_28)
FNDA:0,(anonymous_29)
FNDA:0,(anonymous_30)
FNDA:0,(anonymous_31)
FNDA:0,(anonymous_32)
FNDA:0,(anonymous_33)
FNDA:0,(anonymous_34)
FNDA:0,(anonymous_35)
FNDA:0,(anonymous_36)
FNDA:0,(anonymous_37)
FNDA:0,(anonymous_38)
FNDA:0,(anonymous_39)
FNDA:0,(anonymous_40)
FNDA:0,(anonymous_41)
FNDA:0,(anonymous_42)
FNDA:0,(anonymous_43)
FNDA:0,(anonymous_44)
FNDA:0,(anonymous_45)
FNDA:0,(anonymous_46)
FNDA:0,(anonymous_47)
DA:40,0
DA:41,0
DA:42,0
DA:43,0
DA:44,0
DA:49,0
DA:51,0
DA:53,0
DA:58,0
DA:59,0
DA:69,0
DA:72,0
DA:73,0
DA:74,0
DA:75,0
DA:80,0
DA:83,0
DA:84,0
DA:90,0
DA:93,0
DA:94,0
DA:99,0
DA:102,0
DA:105,0
DA:106,0
DA:112,0
DA:115,0
DA:118,0
DA:119,0
DA:127,0
DA:128,0
DA:129,0
DA:130,0
DA:131,0
DA:135,0
DA:140,0
DA:141,0
DA:143,0
DA:144,0
DA:148,0
DA:149,0
DA:153,0
DA:157,0
DA:158,0
DA:159,0
DA:160,0
DA:162,0
DA:170,0
DA:171,0
DA:178,0
DA:186,0
DA:193,0
DA:198,0
DA:199,0
DA:204,0
DA:205,0
DA:210,0
DA:211,0
DA:216,0
DA:217,0
DA:222,0
DA:223,0
DA:232,0
DA:240,0
DA:250,0
DA:251,0
DA:253,0
DA:260,0
DA:261,0
DA:262,0
DA:267,0
DA:272,0
DA:274,0
DA:275,0
DA:276,0
DA:278,0
DA:279,0
DA:286,0
DA:291,0
DA:295,0
DA:299,0
DA:303,0
DA:307,0
DA:311,0
DA:315,0
DA:319,0
DA:323,0
DA:329,0
DA:333,0
DA:337,0
DA:341,0
DA:345,0
DA:349,0
DA:355,0
DA:359,0
DA:363,0
DA:367,0
DA:371,0
DA:377,0
DA:381,0
DA:385,0
DA:389,0
DA:393,0
DA:397,0
LF:104
LH:0
BRDA:39,0,0,0
BRDA:39,1,0,0
BRDA:53,2,0,0
BRDA:53,2,1,0
BRDA:72,3,0,0
BRDA:72,3,1,0
BRDA:74,4,0,0
BRDA:74,4,1,0
BRDA:83,5,0,0
BRDA:83,5,1,0
BRDA:105,6,0,0
BRDA:105,6,1,0
BRDA:118,7,0,0
BRDA:118,7,1,0
BRDA:127,8,0,0
BRDA:127,8,1,0
BRDA:127,9,0,0
BRDA:127,9,1,0
BRDA:135,10,0,0
BRDA:135,10,1,0
BRDA:136,11,0,0
BRDA:136,11,1,0
BRDA:136,11,2,0
BRDA:136,11,3,0
BRDA:140,12,0,0
BRDA:140,12,1,0
BRDA:141,13,0,0
BRDA:141,13,1,0
BRDA:158,14,0,0
BRDA:158,14,1,0
BRDA:163,15,0,0
BRDA:163,15,1,0
BRDA:163,15,2,0
BRDA:165,16,0,0
BRDA:165,16,1,0
BRDA:170,17,0,0
BRDA:170,17,1,0
BRDA:179,18,0,0
BRDA:179,18,1,0
BRDA:260,19,0,0
BRDA:260,19,1,0
BRDA:260,20,0,0
BRDA:260,20,1,0
BRDA:275,21,0,0
BRDA:275,21,1,0
BRF:45
BRH:0
end_of_record
TN:
SF:src/lib/constants.ts
FNF:0
FNH:0
DA:2,0
DA:27,0
DA:53,0
DA:62,0
DA:86,0
DA:117,0
DA:136,0
DA:143,0
DA:153,0
LF:9
LH:0
BRDA:137,0,0,0
BRDA:137,0,1,0
BRDA:138,1,0,0
BRDA:138,1,1,0
BRDA:139,2,0,0
BRDA:139,2,1,0
BRF:6
BRH:0
end_of_record
TN:
SF:src/lib/formatters.ts
FN:9,(anonymous_0)
FN:19,(anonymous_1)
FN:30,(anonymous_2)
FN:43,(anonymous_3)
FN:54,(anonymous_4)
FN:65,(anonymous_5)
FN:72,(anonymous_6)
FN:79,(anonymous_7)
FN:105,(anonymous_8)
FN:123,(anonymous_9)
FN:133,(anonymous_10)
FN:137,(anonymous_11)
FN:144,(anonymous_12)
FN:152,(anonymous_13)
FN:170,(anonymous_14)
FN:179,(anonymous_15)
FNF:16
FNH:0
FNDA:0,(anonymous_0)
FNDA:0,(anonymous_1)
FNDA:0,(anonymous_2)
FNDA:0,(anonymous_3)
FNDA:0,(anonymous_4)
FNDA:0,(anonymous_5)
FNDA:0,(anonymous_6)
FNDA:0,(anonymous_7)
FNDA:0,(anonymous_8)
FNDA:0,(anonymous_9)
FNDA:0,(anonymous_10)
FNDA:0,(anonymous_11)
FNDA:0,(anonymous_12)
FNDA:0,(anonymous_13)
FNDA:0,(anonymous_14)
FNDA:0,(anonymous_15)
DA:9,0
DA:10,0
DA:19,0
DA:20,0
DA:30,0
DA:31,0
DA:43,0
DA:44,0
DA:45,0
DA:46,0
DA:47,0
DA:48,0
DA:54,0
DA:55,0
DA:56,0
DA:57,0
DA:59,0
DA:65,0
DA:66,0
DA:72,0
DA:73,0
DA:79,0
DA:80,0
DA:81,0
DA:82,0
DA:83,0
DA:85,0
DA:86,0
DA:87,0
DA:88,0
DA:89,0
DA:91,0
DA:94,0
DA:95,0
DA:96,0
DA:97,0
DA:99,0
DA:105,0
DA:106,0
DA:107,0
DA:110,0
DA:111,0
DA:113,0
DA:114,0
DA:117,0
DA:123,0
DA:124,0
DA:125,0
DA:126,0
DA:127,0
DA:133,0
DA:134,0
DA:137,0
DA:144,0
DA:145,0
DA:146,0
DA:152,0
DA:158,0
DA:164,0
DA:170,0
DA:171,0
DA:172,0
DA:173,0
DA:179,0
DA:180,0
DA:181,0
LF:66
LH:0
BRDA:44,0,0,0
BRDA:44,0,1,0
BRDA:56,1,0,0
BRDA:56,1,1,0
BRDA:65,2,0,0
BRDA:85,3,0,0
BRDA:85,3,1,0
BRDA:87,4,0,0
BRDA:87,4,1,0
BRDA:89,5,0,0
BRDA:89,5,1,0
BRDA:91,6,0,0
BRDA:91,6,1,0
BRDA:94,7,0,0
BRDA:94,7,1,0
BRDA:95,8,0,0
BRDA:95,8,1,0
BRDA:96,9,0,0
BRDA:96,9,1,0
BRDA:97,10,0,0
BRDA:97,10,1,0
BRDA:106,11,0,0
BRDA:106,11,1,0
BRDA:113,12,0,0
BRDA:113,12,1,0
BRDA:123,13,0,0
BRDA:145,14,0,0
BRDA:145,14,1,0
BRDA:161,15,0,0
BRDA:161,15,1,0
BRDA:161,16,0,0
BRDA:161,16,1,0
BRDA:161,17,0,0
BRDA:161,17,1,0
BRDA:171,18,0,0
BRDA:171,18,1,0
BRDA:172,19,0,0
BRDA:172,19,1,0
BRF:38
BRH:0
end_of_record
TN:
SF:src/lib/utils.ts
FN:5,cn
FN:10,formatCurrency
FN:22,formatDate
FN:36,formatRelativeTime
FN:62,truncateText
FN:68,generateId
FN:75,debounce
FN:80,(anonymous_7)
FN:82,(anonymous_8)
FN:87,throttle
FN:92,(anonymous_10)
FN:102,deepClone
FN:105,(anonymous_12)
FN:119,isEmpty
FN:127,capitalize
FN:132,camelToTitle
FN:135,(anonymous_16)
FN:140,isValidEmail
FN:146,isValidPhone
FN:152,formatPhoneNumber
FN:162,calculatePercentage
FN:168,sleep
FN:169,(anonymous_22)
FN:173,downloadFile
FN:185,copyToClipboard
FN:208,getContrastColor
FN:217,getInitials
FN:222,parseQueryParams
FN:232,buildQueryString
FNF:29
FNH:0
FNDA:0,cn
FNDA:0,formatCurrency
FNDA:0,formatDate
FNDA:0,formatRelativeTime
FNDA:0,truncateText
FNDA:0,generateId
FNDA:0,debounce
FNDA:0,(anonymous_7)
FNDA:0,(anonymous_8)
FNDA:0,throttle
FNDA:0,(anonymous_10)
FNDA:0,deepClone
FNDA:0,(anonymous_12)
FNDA:0,isEmpty
FNDA:0,capitalize
FNDA:0,camelToTitle
FNDA:0,(anonymous_16)
FNDA:0,isValidEmail
FNDA:0,isValidPhone
FNDA:0,formatPhoneNumber
FNDA:0,calculatePercentage
FNDA:0,sleep
FNDA:0,(anonymous_22)
FNDA:0,downloadFile
FNDA:0,copyToClipboard
FNDA:0,getContrastColor
FNDA:0,getInitials
FNDA:0,parseQueryParams
FNDA:0,buildQueryString
DA:6,0
DA:15,0
DA:31,0
DA:32,0
DA:37,0
DA:38,0
DA:39,0
DA:41,0
DA:51,0
DA:52,0
DA:53,0
DA:54,0
DA:58,0
DA:63,0
DA:64,0
DA:69,0
DA:70,0
DA:71,0
DA:80,0
DA:81,0
DA:82,0
DA:91,0
DA:92,0
DA:93,0
DA:94,0
DA:95,0
DA:96,0
DA:103,0
DA:104,0
DA:105,0
DA:106,0
DA:107,0
DA:108,0
DA:109,0
DA:110,0
DA:113,0
DA:115,0
DA:120,0
DA:121,0
DA:122,0
DA:123,0
DA:128,0
DA:133,0
DA:135,0
DA:141,0
DA:142,0
DA:147,0
DA:148,0
DA:153,0
DA:154,0
DA:155,0
DA:156,0
DA:158,0
DA:163,0
DA:164,0
DA:169,0
DA:174,0
DA:175,0
DA:176,0
DA:177,0
DA:178,0
DA:179,0
DA:180,0
DA:181,0
DA:186,0
DA:187,0
DA:188,0
DA:191,0
DA:192,0
DA:193,0
DA:194,0
DA:195,0
DA:196,0
DA:197,0
DA:198,0
DA:199,0
DA:201,0
DA:202,0
DA:209,0
DA:210,0
DA:211,0
DA:212,0
DA:213,0
DA:218,0
DA:223,0
DA:224,0
DA:225,0
DA:226,0
DA:228,0
DA:233,0
DA:234,0
DA:235,0
DA:236,0
DA:239,0
LF:94
LH:0
BRDA:12,0,0,0
BRDA:13,1,0,0
BRDA:24,2,0,0
BRDA:29,3,0,0
BRDA:31,4,0,0
BRDA:31,4,1,0
BRDA:37,5,0,0
BRDA:37,5,1,0
BRDA:53,6,0,0
BRDA:53,6,1,0
BRDA:54,7,0,0
BRDA:54,7,1,0
BRDA:63,8,0,0
BRDA:63,8,1,0
BRDA:68,9,0,0
BRDA:71,10,0,0
BRDA:71,10,1,0
BRDA:94,11,0,0
BRDA:94,11,1,0
BRDA:103,12,0,0
BRDA:103,12,1,0
BRDA:103,13,0,0
BRDA:103,13,1,0
BRDA:104,14,0,0
BRDA:104,14,1,0
BRDA:105,15,0,0
BRDA:105,15,1,0
BRDA:106,16,0,0
BRDA:106,16,1,0
BRDA:109,17,0,0
BRDA:109,17,1,0
BRDA:120,18,0,0
BRDA:120,18,1,0
BRDA:121,19,0,0
BRDA:121,19,1,0
BRDA:121,20,0,0
BRDA:121,20,1,0
BRDA:122,21,0,0
BRDA:122,21,1,0
BRDA:155,22,0,0
BRDA:155,22,1,0
BRDA:163,23,0,0
BRDA:163,23,1,0
BRDA:213,24,0,0
BRDA:213,24,1,0
BRDA:235,25,0,0
BRDA:235,25,1,0
BRDA:235,26,0,0
BRDA:235,26,1,0
BRDA:235,26,2,0
BRF:50
BRH:0
end_of_record
TN:
SF:src/lib/validations.ts
FN:31,(anonymous_0)
FN:33,(anonymous_1)
FN:44,(anonymous_2)
FN:59,(anonymous_3)
FNF:4
FNH:0
FNDA:0,(anonymous_0)
FNDA:0,(anonymous_1)
FNDA:0,(anonymous_2)
FNDA:0,(anonymous_3)
DA:4,0
DA:5,0
DA:6,0
DA:9,0
DA:31,0
DA:33,0
DA:44,0
DA:59,0
DA:70,0
DA:96,0
DA:121,0
DA:149,0
DA:177,0
DA:198,0
DA:221,0
DA:253,0
DA:274,0
LF:17
LH:0
BRF:0
BRH:0
end_of_record
TN:
SF:src/pages/admin/Claims.tsx
FN:11,(anonymous_0)
FN:21,(anonymous_1)
FN:25,(anonymous_2)
FN:29,(anonymous_3)
FN:33,(anonymous_4)
FN:43,(anonymous_5)
FN:47,(anonymous_6)
FN:53,(anonymous_7)
FN:54,(anonymous_8)
FN:55,(anonymous_9)
FN:60,(anonymous_10)
FN:64,(anonymous_11)
FN:83,(anonymous_12)
FN:90,(anonymous_13)
FN:100,(anonymous_14)
FN:123,(anonymous_15)
FN:163,(anonymous_16)
FN:177,(anonymous_17)
FN:198,(anonymous_18)
FN:220,(anonymous_19)
FN:260,(anonymous_20)
FN:274,(anonymous_21)
FN:282,(anonymous_22)
FN:294,(anonymous_23)
FN:327,(anonymous_24)
FN:417,(anonymous_25)
FN:449,(anonymous_26)
FN:459,(anonymous_27)
FN:466,(anonymous_28)
FN:481,(anonymous_29)
FN:491,(anonymous_30)
FNF:31
FNH:0
FNDA:0,(anonymous_0)
FNDA:0,(anonymous_1)
FNDA:0,(anonymous_2)
FNDA:0,(anonymous_3)
FNDA:0,(anonymous_4)
FNDA:0,(anonymous_5)
FNDA:0,(anonymous_6)
FNDA:0,(anonymous_7)
FNDA:0,(anonymous_8)
FNDA:0,(anonymous_9)
FNDA:0,(anonymous_10)
FNDA:0,(anonymous_11)
FNDA:0,(anonymous_12)
FNDA:0,(anonymous_13)
FNDA:0,(anonymous_14)
FNDA:0,(anonymous_15)
FNDA:0,(anonymous_16)
FNDA:0,(anonymous_17)
FNDA:0,(anonymous_18)
FNDA:0,(anonymous_19)
FNDA:0,(anonymous_20)
FNDA:0,(anonymous_21)
FNDA:0,(anonymous_22)
FNDA:0,(anonymous_23)
FNDA:0,(anonymous_24)
FNDA:0,(anonymous_25)
FNDA:0,(anonymous_26)
FNDA:0,(anonymous_27)
FNDA:0,(anonymous_28)
FNDA:0,(anonymous_29)
FNDA:0,(anonymous_30)
DA:11,0
DA:12,0
DA:13,0
DA:14,0
DA:15,0
DA:16,0
DA:17,0
DA:20,0
DA:21,0
DA:25,0
DA:26,0
DA:29,0
DA:30,0
DA:32,0
DA:33,0
DA:34,0
DA:42,0
DA:43,0
DA:46,0
DA:47,0
DA:50,0
DA:53,0
DA:54,0
DA:55,0
DA:56,0
DA:59,0
DA:60,0
DA:64,0
DA:65,0
DA:68,0
DA:70,0
DA:73,0
DA:75,0
DA:77,0
DA:79,0
DA:83,0
DA:84,0
DA:90,0
DA:91,0
DA:100,0
DA:101,0
DA:103,0
DA:105,0
DA:107,0
DA:109,0
DA:111,0
DA:115,0
DA:116,0
DA:124,0
DA:137,0
DA:163,0
DA:177,0
DA:198,0
DA:221,0
DA:261,0
DA:262,0
DA:274,0
DA:282,0
DA:294,0
DA:327,0
DA:418,0
DA:450,0
DA:451,0
DA:459,0
DA:467,0
DA:468,0
DA:482,0
DA:483,0
DA:492,0
DA:493,0
LF:70
LH:0
BRDA:32,0,0,0
BRDA:32,0,1,0
BRDA:34,1,0,0
BRDA:34,1,1,0
BRDA:34,1,2,0
BRDA:34,1,3,0
BRDA:34,1,4,0
BRDA:42,2,0,0
BRDA:42,2,1,0
BRDA:46,3,0,0
BRDA:46,3,1,0
BRDA:56,4,0,0
BRDA:56,4,1,0
BRDA:59,5,0,0
BRDA:59,5,1,0
BRDA:60,6,0,0
BRDA:60,6,1,0
BRDA:65,7,0,0
BRDA:65,7,1,0
BRDA:65,7,2,0
BRDA:65,7,3,0
BRDA:65,7,4,0
BRDA:65,7,5,0
BRDA:65,7,6,0
BRDA:65,7,7,0
BRDA:101,8,0,0
BRDA:101,8,1,0
BRDA:101,8,2,0
BRDA:101,8,3,0
BRDA:101,8,4,0
BRDA:115,9,0,0
BRDA:115,9,1,0
BRDA:213,10,0,0
BRDA:213,10,1,0
BRDA:228,11,0,0
BRDA:228,11,1,0
BRDA:239,12,0,0
BRDA:239,12,1,0
BRDA:251,13,0,0
BRDA:251,13,1,0
BRDA:269,14,0,0
BRDA:269,14,1,0
BRDA:290,15,0,0
BRDA:290,15,1,0
BRDA:290,15,2,0
BRDA:308,16,0,0
BRDA:308,16,1,0
BRDA:308,16,2,0
BRDA:318,17,0,0
BRDA:318,17,1,0
BRDA:346,18,0,0
BRDA:346,18,1,0
BRDA:417,19,0,0
BRDA:417,19,1,0
BRDA:435,20,0,0
BRDA:435,20,1,0
BRDA:445,21,0,0
BRDA:445,21,1,0
BRDA:477,22,0,0
BRDA:477,22,1,0
BRDA:477,22,2,0
BRF:61
BRH:0
end_of_record
TN:
SF:src/pages/admin/Policies.tsx
FN:70,(anonymous_0)
FN:71,(anonymous_1)
FN:120,(anonymous_2)
FN:124,(anonymous_3)
FN:128,(anonymous_4)
FN:297,(anonymous_5)
FN:301,(anonymous_6)
FN:309,(anonymous_7)
FN:313,(anonymous_8)
FN:319,(anonymous_9)
FN:330,(anonymous_10)
FN:341,(anonymous_11)
FN:348,(anonymous_12)
FN:356,(anonymous_13)
FN:361,(anonymous_14)
FN:366,(anonymous_15)
FN:376,(anonymous_16)
FN:385,(anonymous_17)
FN:416,(anonymous_18)
FN:524,(anonymous_19)
FN:532,(anonymous_20)
FN:540,(anonymous_21)
FN:557,(anonymous_22)
FN:569,(anonymous_23)
FN:591,(anonymous_24)
FN:602,(anonymous_25)
FN:664,(anonymous_26)
FN:686,(anonymous_27)
FN:711,(anonymous_28)
FN:736,(anonymous_29)
FN:748,(anonymous_30)
FN:760,(anonymous_31)
FN:772,(anonymous_32)
FN:787,(anonymous_33)
FN:790,(anonymous_34)
FN:797,(anonymous_35)
FN:812,(anonymous_36)
FN:827,(anonymous_37)
FN:858,(anonymous_38)
FN:898,(anonymous_39)
FN:905,(anonymous_40)
FN:927,(anonymous_41)
FNF:42
FNH:0
FNDA:0,(anonymous_0)
FNDA:0,(anonymous_1)
FNDA:0,(anonymous_2)
FNDA:0,(anonymous_3)
FNDA:0,(anonymous_4)
FNDA:0,(anonymous_5)
FNDA:0,(anonymous_6)
FNDA:0,(anonymous_7)
FNDA:0,(anonymous_8)
FNDA:0,(anonymous_9)
FNDA:0,(anonymous_10)
FNDA:0,(anonymous_11)
FNDA:0,(anonymous_12)
FNDA:0,(anonymous_13)
FNDA:0,(anonymous_14)
FNDA:0,(anonymous_15)
FNDA:0,(anonymous_16)
FNDA:0,(anonymous_17)
FNDA:0,(anonymous_18)
FNDA:0,(anonymous_19)
FNDA:0,(anonymous_20)
FNDA:0,(anonymous_21)
FNDA:0,(anonymous_22)
FNDA:0,(anonymous_23)
FNDA:0,(anonymous_24)
FNDA:0,(anonymous_25)
FNDA:0,(anonymous_26)
FNDA:0,(anonymous_27)
FNDA:0,(anonymous_28)
FNDA:0,(anonymous_29)
FNDA:0,(anonymous_30)
FNDA:0,(anonymous_31)
FNDA:0,(anonymous_32)
FNDA:0,(anonymous_33)
FNDA:0,(anonymous_34)
FNDA:0,(anonymous_35)
FNDA:0,(anonymous_36)
FNDA:0,(anonymous_37)
FNDA:0,(anonymous_38)
FNDA:0,(anonymous_39)
FNDA:0,(anonymous_40)
FNDA:0,(anonymous_41)
DA:70,0
DA:71,0
DA:72,0
DA:73,0
DA:74,0
DA:75,0
DA:76,0
DA:77,0
DA:78,0
DA:79,0
DA:80,0
DA:81,0
DA:83,0
DA:85,0
DA:108,0
DA:115,0
DA:120,0
DA:121,0
DA:124,0
DA:125,0
DA:128,0
DA:129,0
DA:130,0
DA:133,0
DA:289,0
DA:291,0
DA:293,0
DA:297,0
DA:298,0
DA:300,0
DA:301,0
DA:302,0
DA:308,0
DA:309,0
DA:312,0
DA:313,0
DA:316,0
DA:319,0
DA:320,0
DA:327,0
DA:330,0
DA:331,0
DA:338,0
DA:341,0
DA:342,0
DA:348,0
DA:349,0
DA:356,0
DA:357,0
DA:358,0
DA:361,0
DA:362,0
DA:363,0
DA:366,0
DA:367,0
DA:368,0
DA:369,0
DA:370,0
DA:372,0
DA:376,0
DA:377,0
DA:378,0
DA:379,0
DA:381,0
DA:385,0
DA:386,0
DA:388,0
DA:416,0
DA:524,0
DA:532,0
DA:540,0
DA:557,0
DA:558,0
DA:560,0
DA:569,0
DA:592,0
DA:603,0
DA:664,0
DA:678,0
DA:679,0
DA:687,0
DA:696,0
DA:711,0
DA:736,0
DA:748,0
DA:760,0
DA:772,0
DA:787,0
DA:790,0
DA:797,0
DA:812,0
DA:828,0
DA:829,0
DA:830,0
DA:859,0
DA:898,0
DA:905,0
DA:927,0
LF:98
LH:0
BRDA:300,0,0,0
BRDA:300,0,1,0
BRDA:302,1,0,0
BRDA:302,1,1,0
BRDA:302,1,2,0
BRDA:308,2,0,0
BRDA:308,2,1,0
BRDA:312,3,0,0
BRDA:312,3,1,0
BRDA:327,4,0,0
BRDA:327,4,1,0
BRDA:338,5,0,0
BRDA:338,5,1,0
BRDA:386,6,0,0
BRDA:386,6,1,0
BRDA:459,7,0,0
BRDA:459,7,1,0
BRDA:502,8,0,0
BRDA:502,8,1,0
BRDA:529,9,0,0
BRDA:529,9,1,0
BRDA:537,10,0,0
BRDA:537,10,1,0
BRDA:678,11,0,0
BRDA:678,11,1,0
BRDA:917,12,0,0
BRDA:917,12,1,0
BRDA:922,13,0,0
BRDA:922,13,1,0
BRDA:922,14,0,0
BRDA:922,14,1,0
BRDA:922,14,2,0
BRDA:936,15,0,0
BRDA:936,15,1,0
BRDA:937,16,0,0
BRDA:937,16,1,0
BRF:36
BRH:0
end_of_record
TN:
SF:src/pages/auth/ForgotPasswordPage.tsx
FN:11,(anonymous_0)
FN:24,(anonymous_1)
FN:71,(anonymous_2)
FNF:3
FNH:0
FNDA:0,(anonymous_0)
FNDA:0,(anonymous_1)
FNDA:0,(anonymous_2)
DA:11,0
DA:12,0
DA:14,0
DA:22,0
DA:24,0
DA:25,0
DA:26,0
DA:27,0
DA:33,0
DA:34,0
DA:71,0
DA:84,0
LF:12
LH:0
BRDA:33,0,0,0
BRDA:33,0,1,0
BRF:2
BRH:0
end_of_record
TN:
SF:src/pages/auth/LoginPage.tsx
FN:11,(anonymous_0)
FN:14,(anonymous_1)
FN:29,(anonymous_2)
FN:33,(anonymous_3)
FN:39,(anonymous_4)
FN:43,(anonymous_5)
FNF:6
FNH:0
FNDA:0,(anonymous_0)
FNDA:0,(anonymous_1)
FNDA:0,(anonymous_2)
FNDA:0,(anonymous_3)
FNDA:0,(anonymous_4)
FNDA:0,(anonymous_5)
DA:11,0
DA:12,0
DA:13,0
DA:14,0
DA:16,0
DA:27,0
DA:29,0
DA:30,0
DA:33,0
DA:34,0
DA:35,0
DA:39,0
DA:40,0
DA:43,0
DA:44,0
DA:45,0
DA:48,0
DA:49,0
DA:56,0
LF:19
LH:0
BRDA:34,0,0,0
BRDA:34,0,1,0
BRDA:48,1,0,0
BRDA:48,1,1,0
BRDA:71,2,0,0
BRDA:71,2,1,0
BRDA:74,3,0,0
BRDA:74,3,1,0
BRDA:115,4,0,0
BRDA:115,4,1,0
BRF:10
BRH:0
end_of_record
TN:
SF:src/pages/auth/RegisterPage.tsx
FN:12,(anonymous_0)
FN:15,(anonymous_1)
FN:46,(anonymous_2)
FN:50,(anonymous_3)
FN:57,(anonymous_4)
FN:71,(anonymous_5)
FN:79,(anonymous_6)
FN:85,(anonymous_7)
FN:234,(anonymous_8)
FN:277,(anonymous_9)
FN:319,(anonymous_10)
FNF:11
FNH:0
FNDA:0,(anonymous_0)
FNDA:0,(anonymous_1)
FNDA:0,(anonymous_2)
FNDA:0,(anonymous_3)
FNDA:0,(anonymous_4)
FNDA:0,(anonymous_5)
FNDA:0,(anonymous_6)
FNDA:0,(anonymous_7)
FNDA:0,(anonymous_8)
FNDA:0,(anonymous_9)
FNDA:0,(anonymous_10)
DA:12,0
DA:13,0
DA:14,0
DA:15,0
DA:16,0
DA:17,0
DA:18,0
DA:20,0
DA:42,0
DA:43,0
DA:44,0
DA:46,0
DA:47,0
DA:50,0
DA:51,0
DA:52,0
DA:57,0
DA:58,0
DA:59,0
DA:60,0
DA:61,0
DA:62,0
DA:63,0
DA:64,0
DA:65,0
DA:67,0
DA:71,0
DA:72,0
DA:73,0
DA:75,0
DA:79,0
DA:80,0
DA:81,0
DA:82,0
DA:85,0
DA:86,0
DA:87,0
DA:88,0
DA:91,0
DA:99,0
DA:235,0
DA:277,0
DA:319,0
LF:43
LH:0
BRDA:51,0,0,0
BRDA:51,0,1,0
BRDA:58,1,0,0
BRDA:58,1,1,0
BRDA:60,2,0,0
BRDA:60,2,1,0
BRDA:61,3,0,0
BRDA:61,3,1,0
BRDA:62,4,0,0
BRDA:62,4,1,0
BRDA:63,5,0,0
BRDA:63,5,1,0
BRDA:64,6,0,0
BRDA:64,6,1,0
BRDA:80,7,0,0
BRDA:80,7,1,0
BRDA:81,8,0,0
BRDA:81,8,1,0
BRDA:86,9,0,0
BRDA:86,9,1,0
BRDA:87,10,0,0
BRDA:87,10,1,0
BRDA:115,11,0,0
BRDA:115,11,1,0
BRDA:230,12,0,0
BRDA:230,12,1,0
BRDA:270,13,0,0
BRDA:270,13,1,0
BRDA:279,14,0,0
BRDA:279,14,1,0
BRDA:283,15,0,0
BRDA:283,15,1,0
BRDA:288,16,0,0
BRDA:288,16,1,0
BRDA:289,17,0,0
BRDA:289,17,1,0
BRDA:312,18,0,0
BRDA:312,18,1,0
BRDA:321,19,0,0
BRDA:321,19,1,0
BRDA:349,20,0,0
BRDA:349,20,1,0
BRDA:375,21,0,0
BRDA:375,21,1,0
BRF:44
BRH:0
end_of_record
TN:
SF:src/pages/auth/ResetPasswordPage.tsx
FN:11,(anonymous_0)
FN:19,(anonymous_1)
FN:36,(anonymous_2)
FN:122,(anonymous_3)
FNF:4
FNH:0
FNDA:0,(anonymous_0)
FNDA:0,(anonymous_1)
FNDA:0,(anonymous_2)
FNDA:0,(anonymous_3)
DA:11,0
DA:12,0
DA:13,0
DA:14,0
DA:15,0
DA:17,0
DA:19,0
DA:20,0
DA:21,0
DA:25,0
DA:34,0
DA:36,0
DA:37,0
DA:39,0
DA:40,0
DA:41,0
DA:47,0
DA:48,0
DA:93,0
DA:94,0
DA:122,0
DA:133,0
LF:22
LH:0
BRDA:20,0,0,0
BRDA:20,0,1,0
BRDA:37,1,0,0
BRDA:37,1,1,0
BRDA:47,2,0,0
BRDA:47,2,1,0
BRDA:93,3,0,0
BRDA:93,3,1,0
BRF:8
BRH:0
end_of_record
TN:
SF:src/pages/client/Claims.tsx
FN:83,(anonymous_0)
FN:84,(anonymous_1)
FN:95,(anonymous_2)
FN:119,(anonymous_3)
FN:123,(anonymous_4)
FN:127,(anonymous_5)
FN:135,(anonymous_6)
FN:139,(anonymous_7)
FN:147,(anonymous_8)
FN:152,(anonymous_9)
FN:164,(anonymous_10)
FN:170,(anonymous_11)
FN:231,(anonymous_12)
FN:262,(anonymous_13)
FN:341,(anonymous_14)
FN:344,(anonymous_15)
FN:349,(anonymous_16)
FN:369,(anonymous_17)
FN:391,(anonymous_18)
FN:498,(anonymous_19)
FN:516,(anonymous_20)
FN:523,(anonymous_21)
FN:530,(anonymous_22)
FN:530,(anonymous_23)
FN:544,(anonymous_24)
FN:547,(anonymous_25)
FN:554,(anonymous_26)
FN:571,(anonymous_27)
FN:585,(anonymous_28)
FN:601,(anonymous_29)
FN:644,(anonymous_30)
FN:665,(anonymous_31)
FNF:32
FNH:0
FNDA:0,(anonymous_0)
FNDA:0,(anonymous_1)
FNDA:0,(anonymous_2)
FNDA:0,(anonymous_3)
FNDA:0,(anonymous_4)
FNDA:0,(anonymous_5)
FNDA:0,(anonymous_6)
FNDA:0,(anonymous_7)
FNDA:0,(anonymous_8)
FNDA:0,(anonymous_9)
FNDA:0,(anonymous_10)
FNDA:0,(anonymous_11)
FNDA:0,(anonymous_12)
FNDA:0,(anonymous_13)
FNDA:0,(anonymous_14)
FNDA:0,(anonymous_15)
FNDA:0,(anonymous_16)
FNDA:0,(anonymous_17)
FNDA:0,(anonymous_18)
FNDA:0,(anonymous_19)
FNDA:0,(anonymous_20)
FNDA:0,(anonymous_21)
FNDA:0,(anonymous_22)
FNDA:0,(anonymous_23)
FNDA:0,(anonymous_24)
FNDA:0,(anonymous_25)
FNDA:0,(anonymous_26)
FNDA:0,(anonymous_27)
FNDA:0,(anonymous_28)
FNDA:0,(anonymous_29)
FNDA:0,(anonymous_30)
FNDA:0,(anonymous_31)
DA:83,0
DA:84,0
DA:85,0
DA:86,0
DA:87,0
DA:88,0
DA:89,0
DA:90,0
DA:91,0
DA:94,0
DA:95,0
DA:100,0
DA:101,0
DA:103,0
DA:119,0
DA:120,0
DA:123,0
DA:124,0
DA:126,0
DA:127,0
DA:128,0
DA:134,0
DA:135,0
DA:138,0
DA:139,0
DA:142,0
DA:147,0
DA:148,0
DA:149,0
DA:152,0
DA:153,0
DA:155,0
DA:156,0
DA:158,0
DA:160,0
DA:164,0
DA:165,0
DA:167,0
DA:170,0
DA:232,0
DA:263,0
DA:341,0
DA:342,0
DA:343,0
DA:344,0
DA:346,0
DA:349,0
DA:370,0
DA:392,0
DA:492,0
DA:498,0
DA:516,0
DA:523,0
DA:530,0
DA:544,0
DA:547,0
DA:554,0
DA:571,0
DA:586,0
DA:587,0
DA:588,0
DA:602,0
DA:644,0
DA:665,0
LF:64
LH:0
BRDA:126,0,0,0
BRDA:126,0,1,0
BRDA:128,1,0,0
BRDA:128,1,1,0
BRDA:128,1,2,0
BRDA:134,2,0,0
BRDA:134,2,1,0
BRDA:138,3,0,0
BRDA:138,3,1,0
BRDA:165,4,0,0
BRDA:165,4,1,0
BRDA:192,5,0,0
BRDA:192,5,1,0
BRDA:213,6,0,0
BRDA:213,6,1,0
BRDA:234,7,0,0
BRDA:234,7,1,0
BRDA:235,8,0,0
BRDA:235,8,1,0
BRDA:238,9,0,0
BRDA:238,9,1,0
BRDA:240,10,0,0
BRDA:240,10,1,0
BRDA:285,11,0,0
BRDA:285,11,1,0
BRDA:290,12,0,0
BRDA:290,12,1,0
BRDA:296,13,0,0
BRDA:296,13,1,0
BRDA:365,14,0,0
BRDA:365,14,1,0
BRDA:378,15,0,0
BRDA:378,15,1,0
BRDA:387,16,0,0
BRDA:387,16,1,0
BRDA:436,17,0,0
BRDA:436,17,1,0
BRDA:460,18,0,0
BRDA:460,18,1,0
BRDA:631,19,0,0
BRDA:631,19,1,0
BRDA:655,20,0,0
BRDA:655,20,1,0
BRDA:660,21,0,0
BRDA:660,21,1,0
BRDA:660,22,0,0
BRDA:660,22,1,0
BRDA:660,22,2,0
BRDA:673,23,0,0
BRDA:673,23,1,0
BRDA:674,24,0,0
BRDA:674,24,1,0
BRF:52
BRH:0
end_of_record
TN:
SF:src/pages/client/Payments.tsx
FN:75,(anonymous_0)
FN:76,(anonymous_1)
FN:88,(anonymous_2)
FN:122,(anonymous_3)
FN:126,(anonymous_4)
FN:130,(anonymous_5)
FN:139,(anonymous_6)
FN:143,(anonymous_7)
FN:151,(anonymous_8)
FN:157,(anonymous_9)
FN:169,(anonymous_10)
FN:176,(anonymous_11)
FN:185,(anonymous_12)
FN:190,(anonymous_13)
FN:200,(anonymous_14)
FN:210,(anonymous_15)
FN:234,(anonymous_16)
FN:335,(anonymous_17)
FN:338,(anonymous_18)
FN:349,(anonymous_19)
FN:370,(anonymous_20)
FN:413,(anonymous_21)
FN:442,(anonymous_22)
FN:457,(anonymous_23)
FN:460,(anonymous_24)
FN:471,(anonymous_25)
FN:507,(anonymous_26)
FN:527,(anonymous_27)
FN:607,(anonymous_28)
FN:631,(anonymous_29)
FN:636,(anonymous_30)
FN:661,(anonymous_31)
FN:675,(anonymous_32)
FN:676,(anonymous_33)
FN:689,(anonymous_34)
FN:701,(anonymous_35)
FN:710,(anonymous_36)
FN:725,(anonymous_37)
FN:732,(anonymous_38)
FN:765,(anonymous_39)
FN:768,(anonymous_40)
FN:775,(anonymous_41)
FN:791,(anonymous_42)
FN:821,(anonymous_43)
FN:854,(anonymous_44)
FN:881,(anonymous_45)
FNF:46
FNH:0
FNDA:0,(anonymous_0)
FNDA:0,(anonymous_1)
FNDA:0,(anonymous_2)
FNDA:0,(anonymous_3)
FNDA:0,(anonymous_4)
FNDA:0,(anonymous_5)
FNDA:0,(anonymous_6)
FNDA:0,(anonymous_7)
FNDA:0,(anonymous_8)
FNDA:0,(anonymous_9)
FNDA:0,(anonymous_10)
FNDA:0,(anonymous_11)
FNDA:0,(anonymous_12)
FNDA:0,(anonymous_13)
FNDA:0,(anonymous_14)
FNDA:0,(anonymous_15)
FNDA:0,(anonymous_16)
FNDA:0,(anonymous_17)
FNDA:0,(anonymous_18)
FNDA:0,(anonymous_19)
FNDA:0,(anonymous_20)
FNDA:0,(anonymous_21)
FNDA:0,(anonymous_22)
FNDA:0,(anonymous_23)
FNDA:0,(anonymous_24)
FNDA:0,(anonymous_25)
FNDA:0,(anonymous_26)
FNDA:0,(anonymous_27)
FNDA:0,(anonymous_28)
FNDA:0,(anonymous_29)
FNDA:0,(anonymous_30)
FNDA:0,(anonymous_31)
FNDA:0,(anonymous_32)
FNDA:0,(anonymous_33)
FNDA:0,(anonymous_34)
FNDA:0,(anonymous_35)
FNDA:0,(anonymous_36)
FNDA:0,(anonymous_37)
FNDA:0,(anonymous_38)
FNDA:0,(anonymous_39)
FNDA:0,(anonymous_40)
FNDA:0,(anonymous_41)
FNDA:0,(anonymous_42)
FNDA:0,(anonymous_43)
FNDA:0,(anonymous_44)
FNDA:0,(anonymous_45)
DA:75,0
DA:76,0
DA:77,0
DA:78,0
DA:79,0
DA:80,0
DA:81,0
DA:82,0
DA:83,0
DA:84,0
DA:87,0
DA:88,0
DA:93,0
DA:95,0
DA:107,0
DA:122,0
DA:123,0
DA:126,0
DA:127,0
DA:130,0
DA:131,0
DA:132,0
DA:133,0
DA:135,0
DA:139,0
DA:140,0
DA:142,0
DA:143,0
DA:144,0
DA:150,0
DA:151,0
DA:154,0
DA:157,0
DA:158,0
DA:166,0
DA:169,0
DA:170,0
DA:176,0
DA:177,0
DA:178,0
DA:185,0
DA:186,0
DA:187,0
DA:190,0
DA:191,0
DA:192,0
DA:193,0
DA:194,0
DA:196,0
DA:200,0
DA:201,0
DA:202,0
DA:203,0
DA:204,0
DA:206,0
DA:210,0
DA:211,0
DA:213,0
DA:234,0
DA:335,0
DA:336,0
DA:337,0
DA:338,0
DA:340,0
DA:349,0
DA:371,0
DA:414,0
DA:442,0
DA:457,0
DA:458,0
DA:459,0
DA:460,0
DA:462,0
DA:471,0
DA:508,0
DA:528,0
DA:607,0
DA:622,0
DA:631,0
DA:636,0
DA:661,0
DA:675,0
DA:676,0
DA:689,0
DA:702,0
DA:710,0
DA:725,0
DA:733,0
DA:765,0
DA:768,0
DA:775,0
DA:792,0
DA:793,0
DA:822,0
DA:854,0
DA:881,0
LF:96
LH:0
BRDA:132,0,0,0
BRDA:132,0,1,0
BRDA:142,1,0,0
BRDA:142,1,1,0
BRDA:144,2,0,0
BRDA:144,2,1,0
BRDA:144,2,2,0
BRDA:150,3,0,0
BRDA:150,3,1,0
BRDA:166,4,0,0
BRDA:166,4,1,0
BRDA:177,5,0,0
BRDA:177,5,1,0
BRDA:211,6,0,0
BRDA:211,6,1,0
BRDA:257,7,0,0
BRDA:257,7,1,0
BRDA:269,8,0,0
BRDA:269,8,1,0
BRDA:282,9,0,0
BRDA:282,9,1,0
BRDA:288,10,0,0
BRDA:288,10,1,0
BRDA:297,11,0,0
BRDA:297,11,1,0
BRDA:304,12,0,0
BRDA:304,12,1,0
BRDA:304,12,2,0
BRDA:322,13,0,0
BRDA:322,13,1,0
BRDA:366,14,0,0
BRDA:366,14,1,0
BRDA:389,15,0,0
BRDA:389,15,1,0
BRDA:393,16,0,0
BRDA:393,16,1,0
BRDA:409,17,0,0
BRDA:409,17,1,0
BRDA:415,18,0,0
BRDA:415,18,1,0
BRDA:416,19,0,0
BRDA:416,19,1,0
BRDA:503,20,0,0
BRDA:503,20,1,0
BRDA:523,21,0,0
BRDA:523,21,1,0
BRDA:675,22,0,0
BRDA:675,22,1,0
BRDA:739,23,0,0
BRDA:739,23,1,0
BRDA:746,24,0,0
BRDA:746,24,1,0
BRDA:748,25,0,0
BRDA:748,25,1,0
BRDA:748,25,2,0
BRDA:845,26,0,0
BRDA:845,26,1,0
BRDA:858,27,0,0
BRDA:858,27,1,0
BRDA:871,28,0,0
BRDA:871,28,1,0
BRDA:876,29,0,0
BRDA:876,29,1,0
BRDA:876,30,0,0
BRDA:876,30,1,0
BRDA:890,31,0,0
BRDA:890,31,1,0
BRDA:891,32,0,0
BRDA:891,32,1,0
BRDA:892,33,0,0
BRDA:892,33,1,0
BRF:71
BRH:0
end_of_record
TN:
SF:src/pages/client/Profile.tsx
FN:49,(anonymous_0)
FN:51,(anonymous_1)
FN:118,(anonymous_2)
FN:127,(anonymous_3)
FN:137,(anonymous_4)
FN:141,(anonymous_5)
FN:150,(anonymous_6)
FN:153,(anonymous_7)
FN:160,(anonymous_8)
FN:161,(anonymous_9)
FN:167,(anonymous_10)
FN:175,(anonymous_11)
FN:187,(anonymous_12)
FN:210,(anonymous_13)
FN:232,(anonymous_14)
FN:254,(anonymous_15)
FN:265,(anonymous_16)
FN:279,(anonymous_17)
FN:289,(anonymous_18)
FN:323,(anonymous_19)
FN:347,(anonymous_20)
FN:350,(anonymous_21)
FN:371,(anonymous_22)
FN:521,(anonymous_23)
FN:544,(anonymous_24)
FN:577,(anonymous_25)
FN:630,(anonymous_26)
FN:630,(anonymous_27)
FN:649,(anonymous_28)
FN:649,(anonymous_29)
FN:718,(anonymous_30)
FN:736,(anonymous_31)
FN:759,(anonymous_32)
FN:777,(anonymous_33)
FN:795,(anonymous_34)
FN:813,(anonymous_35)
FNF:36
FNH:0
FNDA:0,(anonymous_0)
FNDA:0,(anonymous_1)
FNDA:0,(anonymous_2)
FNDA:0,(anonymous_3)
FNDA:0,(anonymous_4)
FNDA:0,(anonymous_5)
FNDA:0,(anonymous_6)
FNDA:0,(anonymous_7)
FNDA:0,(anonymous_8)
FNDA:0,(anonymous_9)
FNDA:0,(anonymous_10)
FNDA:0,(anonymous_11)
FNDA:0,(anonymous_12)
FNDA:0,(anonymous_13)
FNDA:0,(anonymous_14)
FNDA:0,(anonymous_15)
FNDA:0,(anonymous_16)
FNDA:0,(anonymous_17)
FNDA:0,(anonymous_18)
FNDA:0,(anonymous_19)
FNDA:0,(anonymous_20)
FNDA:0,(anonymous_21)
FNDA:0,(anonymous_22)
FNDA:0,(anonymous_23)
FNDA:0,(anonymous_24)
FNDA:0,(anonymous_25)
FNDA:0,(anonymous_26)
FNDA:0,(anonymous_27)
FNDA:0,(anonymous_28)
FNDA:0,(anonymous_29)
FNDA:0,(anonymous_30)
FNDA:0,(anonymous_31)
FNDA:0,(anonymous_32)
FNDA:0,(anonymous_33)
FNDA:0,(anonymous_34)
FNDA:0,(anonymous_35)
DA:49,0
DA:50,0
DA:51,0
DA:52,0
DA:53,0
DA:54,0
DA:55,0
DA:56,0
DA:64,0
DA:71,0
DA:88,0
DA:99,0
DA:100,0
DA:101,0
DA:103,0
DA:111,0
DA:118,0
DA:119,0
DA:120,0
DA:121,0
DA:123,0
DA:127,0
DA:128,0
DA:129,0
DA:130,0
DA:131,0
DA:133,0
DA:137,0
DA:138,0
DA:139,0
DA:140,0
DA:141,0
DA:143,0
DA:146,0
DA:150,0
DA:151,0
DA:152,0
DA:153,0
DA:154,0
DA:156,0
DA:160,0
DA:161,0
DA:167,0
DA:168,0
DA:175,0
DA:176,0
DA:178,0
DA:187,0
DA:210,0
DA:232,0
DA:254,0
DA:265,0
DA:279,0
DA:280,0
DA:289,0
DA:323,0
DA:337,0
DA:348,0
DA:350,0
DA:371,0
DA:522,0
DA:544,0
DA:577,0
DA:630,0
DA:649,0
DA:718,0
DA:736,0
DA:759,0
DA:777,0
DA:795,0
DA:813,0
LF:71
LH:0
BRDA:74,0,0,0
BRDA:74,0,1,0
BRDA:75,1,0,0
BRDA:75,1,1,0
BRDA:76,2,0,0
BRDA:76,2,1,0
BRDA:77,3,0,0
BRDA:77,3,1,0
BRDA:78,4,0,0
BRDA:78,4,1,0
BRDA:79,5,0,0
BRDA:79,5,1,0
BRDA:80,6,0,0
BRDA:80,6,1,0
BRDA:81,7,0,0
BRDA:81,7,1,0
BRDA:82,8,0,0
BRDA:82,8,1,0
BRDA:139,9,0,0
BRDA:139,9,1,0
BRDA:203,10,0,0
BRDA:203,10,1,0
BRDA:212,11,0,0
BRDA:212,11,1,0
BRDA:225,12,0,0
BRDA:225,12,1,0
BRDA:234,13,0,0
BRDA:234,13,1,0
BRDA:247,14,0,0
BRDA:247,14,1,0
BRDA:256,15,0,0
BRDA:256,15,1,0
BRDA:352,16,0,0
BRDA:352,16,1,0
BRDA:365,17,0,0
BRDA:365,17,1,0
BRDA:373,18,0,0
BRDA:373,18,1,0
BRDA:515,19,0,0
BRDA:515,19,1,0
BRDA:517,20,0,0
BRDA:517,20,1,0
BRDA:539,21,0,0
BRDA:539,21,1,0
BRDA:559,22,0,0
BRDA:559,22,1,0
BRDA:590,23,0,0
BRDA:590,23,1,0
BRDA:598,24,0,0
BRDA:598,24,1,0
BRDA:605,25,0,0
BRDA:605,25,1,0
BRDA:608,26,0,0
BRDA:608,26,1,0
BRDA:699,27,0,0
BRDA:699,27,1,0
BRDA:826,28,0,0
BRDA:826,28,1,0
BRDA:888,29,0,0
BRDA:888,29,1,0
BRDA:889,30,0,0
BRDA:889,30,1,0
BRF:62
BRH:0
end_of_record
TN:
SF:src/services/mockDataService.ts
FN:66,(anonymous_0)
FN:71,(anonymous_1)
FN:75,(anonymous_2)
FN:76,(anonymous_3)
FN:79,(anonymous_4)
FN:80,(anonymous_5)
FN:83,(anonymous_6)
FN:84,(anonymous_7)
FN:88,(anonymous_8)
FN:92,(anonymous_9)
FN:93,(anonymous_10)
FN:96,(anonymous_11)
FN:97,(anonymous_12)
FN:100,(anonymous_13)
FN:101,(anonymous_14)
FN:104,(anonymous_15)
FN:105,(anonymous_16)
FN:109,(anonymous_17)
FN:113,(anonymous_18)
FN:114,(anonymous_19)
FN:117,(anonymous_20)
FN:118,(anonymous_21)
FN:121,(anonymous_22)
FN:122,(anonymous_23)
FN:125,(anonymous_24)
FN:126,(anonymous_25)
FN:130,(anonymous_26)
FN:134,(anonymous_27)
FN:135,(anonymous_28)
FN:138,(anonymous_29)
FN:139,(anonymous_30)
FN:142,(anonymous_31)
FN:143,(anonymous_32)
FN:146,(anonymous_33)
FN:147,(anonymous_34)
FN:151,(anonymous_35)
FN:155,(anonymous_36)
FN:156,(anonymous_37)
FN:159,(anonymous_38)
FN:160,(anonymous_39)
FN:163,(anonymous_40)
FN:164,(anonymous_41)
FN:167,(anonymous_42)
FN:168,(anonymous_43)
FN:171,(anonymous_44)
FN:172,(anonymous_45)
FN:175,(anonymous_46)
FN:176,(anonymous_47)
FN:180,(anonymous_48)
FN:184,(anonymous_49)
FN:185,(anonymous_50)
FN:188,(anonymous_51)
FN:189,(anonymous_52)
FN:193,(anonymous_53)
FN:197,(anonymous_54)
FN:201,(anonymous_55)
FN:206,(anonymous_56)
FN:219,(anonymous_57)
FN:220,(anonymous_58)
FN:221,(anonymous_59)
FN:227,(anonymous_60)
FN:229,(anonymous_61)
FN:236,(anonymous_62)
FN:238,(anonymous_63)
FN:244,(anonymous_64)
FN:246,(anonymous_65)
FN:252,(anonymous_66)
FN:254,(anonymous_67)
FN:257,(anonymous_68)
FN:262,(anonymous_69)
FN:264,(anonymous_70)
FN:265,(anonymous_71)
FN:268,(anonymous_72)
FN:269,(anonymous_73)
FN:272,(anonymous_74)
FN:276,(anonymous_75)
FN:283,(anonymous_76)
FN:287,(anonymous_77)
FNF:78
FNH:0
FNDA:0,(anonymous_0)
FNDA:0,(anonymous_1)
FNDA:0,(anonymous_2)
FNDA:0,(anonymous_3)
FNDA:0,(anonymous_4)
FNDA:0,(anonymous_5)
FNDA:0,(anonymous_6)
FNDA:0,(anonymous_7)
FNDA:0,(anonymous_8)
FNDA:0,(anonymous_9)
FNDA:0,(anonymous_10)
FNDA:0,(anonymous_11)
FNDA:0,(anonymous_12)
FNDA:0,(anonymous_13)
FNDA:0,(anonymous_14)
FNDA:0,(anonymous_15)
FNDA:0,(anonymous_16)
FNDA:0,(anonymous_17)
FNDA:0,(anonymous_18)
FNDA:0,(anonymous_19)
FNDA:0,(anonymous_20)
FNDA:0,(anonymous_21)
FNDA:0,(anonymous_22)
FNDA:0,(anonymous_23)
FNDA:0,(anonymous_24)
FNDA:0,(anonymous_25)
FNDA:0,(anonymous_26)
FNDA:0,(anonymous_27)
FNDA:0,(anonymous_28)
FNDA:0,(anonymous_29)
FNDA:0,(anonymous_30)
FNDA:0,(anonymous_31)
FNDA:0,(anonymous_32)
FNDA:0,(anonymous_33)
FNDA:0,(anonymous_34)
FNDA:0,(anonymous_35)
FNDA:0,(anonymous_36)
FNDA:0,(anonymous_37)
FNDA:0,(anonymous_38)
FNDA:0,(anonymous_39)
FNDA:0,(anonymous_40)
FNDA:0,(anonymous_41)
FNDA:0,(anonymous_42)
FNDA:0,(anonymous_43)
FNDA:0,(anonymous_44)
FNDA:0,(anonymous_45)
FNDA:0,(anonymous_46)
FNDA:0,(anonymous_47)
FNDA:0,(anonymous_48)
FNDA:0,(anonymous_49)
FNDA:0,(anonymous_50)
FNDA:0,(anonymous_51)
FNDA:0,(anonymous_52)
FNDA:0,(anonymous_53)
FNDA:0,(anonymous_54)
FNDA:0,(anonymous_55)
FNDA:0,(anonymous_56)
FNDA:0,(anonymous_57)
FNDA:0,(anonymous_58)
FNDA:0,(anonymous_59)
FNDA:0,(anonymous_60)
FNDA:0,(anonymous_61)
FNDA:0,(anonymous_62)
FNDA:0,(anonymous_63)
FNDA:0,(anonymous_64)
FNDA:0,(anonymous_65)
FNDA:0,(anonymous_66)
FNDA:0,(anonymous_67)
FNDA:0,(anonymous_68)
FNDA:0,(anonymous_69)
FNDA:0,(anonymous_70)
FNDA:0,(anonymous_71)
FNDA:0,(anonymous_72)
FNDA:0,(anonymous_73)
FNDA:0,(anonymous_74)
FNDA:0,(anonymous_75)
FNDA:0,(anonymous_76)
FNDA:0,(anonymous_77)
DA:67,0
DA:72,0
DA:76,0
DA:80,0
DA:84,0
DA:89,0
DA:93,0
DA:97,0
DA:101,0
DA:105,0
DA:110,0
DA:114,0
DA:118,0
DA:122,0
DA:126,0
DA:131,0
DA:135,0
DA:139,0
DA:143,0
DA:147,0
DA:152,0
DA:156,0
DA:160,0
DA:164,0
DA:168,0
DA:172,0
DA:176,0
DA:181,0
DA:185,0
DA:189,0
DA:194,0
DA:198,0
DA:202,0
DA:207,0
DA:208,0
DA:209,0
DA:210,0
DA:212,0
DA:219,0
DA:220,0
DA:221,0
DA:228,0
DA:229,0
DA:230,0
DA:237,0
DA:238,0
DA:239,0
DA:245,0
DA:246,0
DA:247,0
DA:253,0
DA:254,0
DA:255,0
DA:257,0
DA:263,0
DA:264,0
DA:265,0
DA:269,0
DA:273,0
DA:274,0
DA:276,0
DA:277,0
DA:278,0
DA:279,0
DA:284,0
DA:285,0
DA:287,0
DA:288,0
DA:289,0
DA:295,0
LF:70
LH:0
BRDA:189,0,0,0
BRDA:189,0,1,0
BRDA:221,1,0,0
BRDA:221,1,1,0
BRDA:230,2,0,0
BRDA:230,2,1,0
BRDA:230,2,2,0
BRDA:239,3,0,0
BRDA:239,3,1,0
BRDA:247,4,0,0
BRDA:247,4,1,0
BRDA:255,5,0,0
BRDA:255,5,1,0
BRDA:255,5,2,0
BRDA:269,6,0,0
BRDA:269,6,1,0
BRDA:277,7,0,0
BRDA:277,7,1,0
BRDA:279,8,0,0
BRDA:279,8,1,0
BRDA:289,9,0,0
BRDA:289,9,1,0
BRF:22
BRH:0
end_of_record
TN:
SF:src/services/staticDataService.ts
FN:60,(anonymous_0)
FN:69,(anonymous_1)
FN:74,(anonymous_2)
FN:78,(anonymous_3)
FN:83,(anonymous_4)
FN:87,(anonymous_5)
FN:88,(anonymous_6)
FN:92,(anonymous_7)
FN:96,(anonymous_8)
FN:97,(anonymous_9)
FN:101,(anonymous_10)
FN:105,(anonymous_11)
FN:106,(anonymous_12)
FN:110,(anonymous_13)
FN:114,(anonymous_14)
FN:115,(anonymous_15)
FN:119,(anonymous_16)
FN:123,(anonymous_17)
FN:124,(anonymous_18)
FN:127,(anonymous_19)
FN:128,(anonymous_20)
FN:131,(anonymous_21)
FN:132,(anonymous_22)
FN:136,(anonymous_23)
FN:140,(anonymous_24)
FN:141,(anonymous_25)
FN:144,(anonymous_26)
FN:145,(anonymous_27)
FN:149,(anonymous_28)
FN:153,(anonymous_29)
FN:154,(anonymous_30)
FN:157,(anonymous_31)
FN:158,(anonymous_32)
FN:162,(anonymous_33)
FN:166,(anonymous_34)
FN:167,(anonymous_35)
FN:170,(anonymous_36)
FN:171,(anonymous_37)
FN:174,(anonymous_38)
FN:175,(anonymous_39)
FN:178,(anonymous_40)
FN:179,(anonymous_41)
FN:182,(anonymous_42)
FN:183,(anonymous_43)
FN:186,(anonymous_44)
FN:187,(anonymous_45)
FN:191,(anonymous_46)
FN:195,(anonymous_47)
FN:196,(anonymous_48)
FN:199,(anonymous_49)
FN:200,(anonymous_50)
FN:203,(anonymous_51)
FN:204,(anonymous_52)
FN:207,(anonymous_53)
FN:208,(anonymous_54)
FN:211,(anonymous_55)
FN:212,(anonymous_56)
FN:216,(anonymous_57)
FN:218,(anonymous_58)
FN:225,(anonymous_59)
FN:227,(anonymous_60)
FN:234,(anonymous_61)
FN:236,(anonymous_62)
FN:239,(anonymous_63)
FN:243,(anonymous_64)
FN:245,(anonymous_65)
FN:253,(anonymous_66)
FN:255,(anonymous_67)
FN:256,(anonymous_68)
FN:259,(anonymous_69)
FN:260,(anonymous_70)
FN:263,(anonymous_71)
FN:264,(anonymous_72)
FN:267,(anonymous_73)
FN:268,(anonymous_74)
FN:273,(anonymous_75)
FN:274,(anonymous_76)
FN:279,(anonymous_77)
FN:280,(anonymous_78)
FN:283,(anonymous_79)
FN:284,(anonymous_80)
FN:287,(anonymous_81)
FN:288,(anonymous_82)
FN:292,(anonymous_83)
FN:296,(anonymous_84)
FN:297,(anonymous_85)
FN:298,(anonymous_86)
FN:299,(anonymous_87)
FN:303,(anonymous_88)
FN:307,(anonymous_89)
FN:308,(anonymous_90)
FN:309,(anonymous_91)
FN:310,(anonymous_92)
FN:314,(anonymous_93)
FN:318,(anonymous_94)
FN:319,(anonymous_95)
FN:320,(anonymous_96)
FN:321,(anonymous_97)
FN:322,(anonymous_98)
FNF:99
FNH:0
FNDA:0,(anonymous_0)
FNDA:0,(anonymous_1)
FNDA:0,(anonymous_2)
FNDA:0,(anonymous_3)
FNDA:0,(anonymous_4)
FNDA:0,(anonymous_5)
FNDA:0,(anonymous_6)
FNDA:0,(anonymous_7)
FNDA:0,(anonymous_8)
FNDA:0,(anonymous_9)
FNDA:0,(anonymous_10)
FNDA:0,(anonymous_11)
FNDA:0,(anonymous_12)
FNDA:0,(anonymous_13)
FNDA:0,(anonymous_14)
FNDA:0,(anonymous_15)
FNDA:0,(anonymous_16)
FNDA:0,(anonymous_17)
FNDA:0,(anonymous_18)
FNDA:0,(anonymous_19)
FNDA:0,(anonymous_20)
FNDA:0,(anonymous_21)
FNDA:0,(anonymous_22)
FNDA:0,(anonymous_23)
FNDA:0,(anonymous_24)
FNDA:0,(anonymous_25)
FNDA:0,(anonymous_26)
FNDA:0,(anonymous_27)
FNDA:0,(anonymous_28)
FNDA:0,(anonymous_29)
FNDA:0,(anonymous_30)
FNDA:0,(anonymous_31)
FNDA:0,(anonymous_32)
FNDA:0,(anonymous_33)
FNDA:0,(anonymous_34)
FNDA:0,(anonymous_35)
FNDA:0,(anonymous_36)
FNDA:0,(anonymous_37)
FNDA:0,(anonymous_38)
FNDA:0,(anonymous_39)
FNDA:0,(anonymous_40)
FNDA:0,(anonymous_41)
FNDA:0,(anonymous_42)
FNDA:0,(anonymous_43)
FNDA:0,(anonymous_44)
FNDA:0,(anonymous_45)
FNDA:0,(anonymous_46)
FNDA:0,(anonymous_47)
FNDA:0,(anonymous_48)
FNDA:0,(anonymous_49)
FNDA:0,(anonymous_50)
FNDA:0,(anonymous_51)
FNDA:0,(anonymous_52)
FNDA:0,(anonymous_53)
FNDA:0,(anonymous_54)
FNDA:0,(anonymous_55)
FNDA:0,(anonymous_56)
FNDA:0,(anonymous_57)
FNDA:0,(anonymous_58)
FNDA:0,(anonymous_59)
FNDA:0,(anonymous_60)
FNDA:0,(anonymous_61)
FNDA:0,(anonymous_62)
FNDA:0,(anonymous_63)
FNDA:0,(anonymous_64)
FNDA:0,(anonymous_65)
FNDA:0,(anonymous_66)
FNDA:0,(anonymous_67)
FNDA:0,(anonymous_68)
FNDA:0,(anonymous_69)
FNDA:0,(anonymous_70)
FNDA:0,(anonymous_71)
FNDA:0,(anonymous_72)
FNDA:0,(anonymous_73)
FNDA:0,(anonymous_74)
FNDA:0,(anonymous_75)
FNDA:0,(anonymous_76)
FNDA:0,(anonymous_77)
FNDA:0,(anonymous_78)
FNDA:0,(anonymous_79)
FNDA:0,(anonymous_80)
FNDA:0,(anonymous_81)
FNDA:0,(anonymous_82)
FNDA:0,(anonymous_83)
FNDA:0,(anonymous_84)
FNDA:0,(anonymous_85)
FNDA:0,(anonymous_86)
FNDA:0,(anonymous_87)
FNDA:0,(anonymous_88)
FNDA:0,(anonymous_89)
FNDA:0,(anonymous_90)
FNDA:0,(anonymous_91)
FNDA:0,(anonymous_92)
FNDA:0,(anonymous_93)
FNDA:0,(anonymous_94)
FNDA:0,(anonymous_95)
FNDA:0,(anonymous_96)
FNDA:0,(anonymous_97)
FNDA:0,(anonymous_98)
DA:61,0
DA:62,0
DA:63,0
DA:64,0
DA:65,0
DA:70,0
DA:75,0
DA:79,0
DA:84,0
DA:88,0
DA:93,0
DA:97,0
DA:102,0
DA:106,0
DA:111,0
DA:115,0
DA:120,0
DA:124,0
DA:128,0
DA:132,0
DA:137,0
DA:141,0
DA:145,0
DA:150,0
DA:154,0
DA:158,0
DA:163,0
DA:167,0
DA:171,0
DA:175,0
DA:179,0
DA:183,0
DA:187,0
DA:192,0
DA:196,0
DA:200,0
DA:204,0
DA:208,0
DA:212,0
DA:217,0
DA:218,0
DA:219,0
DA:226,0
DA:227,0
DA:228,0
DA:235,0
DA:236,0
DA:237,0
DA:239,0
DA:244,0
DA:245,0
DA:246,0
DA:254,0
DA:255,0
DA:256,0
DA:260,0
DA:264,0
DA:268,0
DA:269,0
DA:274,0
DA:275,0
DA:280,0
DA:284,0
DA:288,0
DA:293,0
DA:294,0
DA:296,0
DA:297,0
DA:298,0
DA:299,0
DA:304,0
DA:305,0
DA:307,0
DA:308,0
DA:309,0
DA:310,0
DA:315,0
DA:316,0
DA:318,0
DA:319,0
DA:320,0
DA:321,0
DA:322,0
DA:328,0
LF:84
LH:0
BRDA:79,0,0,0
BRDA:79,0,1,0
BRDA:219,1,0,0
BRDA:219,1,1,0
BRDA:219,1,2,0
BRDA:228,2,0,0
BRDA:228,2,1,0
BRDA:228,2,2,0
BRDA:237,3,0,0
BRDA:237,3,1,0
BRDA:237,3,2,0
BRDA:246,4,0,0
BRDA:246,4,1,0
BRDA:246,4,2,0
BRF:14
BRH:0
end_of_record
TN:
SF:src/services/unifiedMockDataService.ts
FN:229,(anonymous_0)
FN:233,(anonymous_1)
FN:234,(anonymous_2)
FN:237,(anonymous_3)
FN:238,(anonymous_4)
FN:242,(anonymous_5)
FN:246,(anonymous_6)
FN:247,(anonymous_7)
FN:250,(anonymous_8)
FN:251,(anonymous_9)
FN:254,(anonymous_10)
FN:255,(anonymous_11)
FN:258,(anonymous_12)
FN:259,(anonymous_13)
FN:262,(anonymous_14)
FN:267,(anonymous_15)
FN:271,(anonymous_16)
FN:272,(anonymous_17)
FN:275,(anonymous_18)
FN:276,(anonymous_19)
FN:279,(anonymous_20)
FN:280,(anonymous_21)
FN:283,(anonymous_22)
FN:284,(anonymous_23)
FN:287,(anonymous_24)
FN:292,(anonymous_25)
FN:296,(anonymous_26)
FN:297,(anonymous_27)
FN:300,(anonymous_28)
FN:301,(anonymous_29)
FN:304,(anonymous_30)
FN:305,(anonymous_31)
FN:308,(anonymous_32)
FN:309,(anonymous_33)
FN:312,(anonymous_34)
FN:316,(anonymous_35)
FN:317,(anonymous_36)
FN:321,(anonymous_37)
FN:325,(anonymous_38)
FN:326,(anonymous_39)
FN:329,(anonymous_40)
FN:330,(anonymous_41)
FN:333,(anonymous_42)
FN:334,(anonymous_43)
FN:337,(anonymous_44)
FN:338,(anonymous_45)
FN:341,(anonymous_46)
FN:342,(anonymous_47)
FN:346,(anonymous_48)
FN:350,(anonymous_49)
FN:354,(anonymous_50)
FN:359,(anonymous_51)
FN:363,(anonymous_52)
FN:372,(anonymous_53)
FN:373,(anonymous_54)
FN:374,(anonymous_55)
FN:375,(anonymous_56)
FN:376,(anonymous_57)
FN:388,(anonymous_58)
FN:390,(anonymous_59)
FN:397,(anonymous_60)
FN:399,(anonymous_61)
FN:406,(anonymous_62)
FN:408,(anonymous_63)
FN:415,(anonymous_64)
FN:417,(anonymous_65)
FN:420,(anonymous_66)
FN:425,(anonymous_67)
FN:427,(anonymous_68)
FN:428,(anonymous_69)
FN:431,(anonymous_70)
FN:433,(anonymous_71)
FN:438,(anonymous_72)
FN:441,(anonymous_73)
FN:442,(anonymous_74)
FN:447,(anonymous_75)
FN:449,(anonymous_76)
FN:457,(anonymous_77)
FN:458,(anonymous_78)
FN:459,(anonymous_79)
FN:463,(anonymous_80)
FN:467,(anonymous_81)
FN:471,(anonymous_82)
FN:475,(anonymous_83)
FN:479,(anonymous_84)
FN:483,(anonymous_85)
FNF:86
FNH:0
FNDA:0,(anonymous_0)
FNDA:0,(anonymous_1)
FNDA:0,(anonymous_2)
FNDA:0,(anonymous_3)
FNDA:0,(anonymous_4)
FNDA:0,(anonymous_5)
FNDA:0,(anonymous_6)
FNDA:0,(anonymous_7)
FNDA:0,(anonymous_8)
FNDA:0,(anonymous_9)
FNDA:0,(anonymous_10)
FNDA:0,(anonymous_11)
FNDA:0,(anonymous_12)
FNDA:0,(anonymous_13)
FNDA:0,(anonymous_14)
FNDA:0,(anonymous_15)
FNDA:0,(anonymous_16)
FNDA:0,(anonymous_17)
FNDA:0,(anonymous_18)
FNDA:0,(anonymous_19)
FNDA:0,(anonymous_20)
FNDA:0,(anonymous_21)
FNDA:0,(anonymous_22)
FNDA:0,(anonymous_23)
FNDA:0,(anonymous_24)
FNDA:0,(anonymous_25)
FNDA:0,(anonymous_26)
FNDA:0,(anonymous_27)
FNDA:0,(anonymous_28)
FNDA:0,(anonymous_29)
FNDA:0,(anonymous_30)
FNDA:0,(anonymous_31)
FNDA:0,(anonymous_32)
FNDA:0,(anonymous_33)
FNDA:0,(anonymous_34)
FNDA:0,(anonymous_35)
FNDA:0,(anonymous_36)
FNDA:0,(anonymous_37)
FNDA:0,(anonymous_38)
FNDA:0,(anonymous_39)
FNDA:0,(anonymous_40)
FNDA:0,(anonymous_41)
FNDA:0,(anonymous_42)
FNDA:0,(anonymous_43)
FNDA:0,(anonymous_44)
FNDA:0,(anonymous_45)
FNDA:0,(anonymous_46)
FNDA:0,(anonymous_47)
FNDA:0,(anonymous_48)
FNDA:0,(anonymous_49)
FNDA:0,(anonymous_50)
FNDA:0,(anonymous_51)
FNDA:0,(anonymous_52)
FNDA:0,(anonymous_53)
FNDA:0,(anonymous_54)
FNDA:0,(anonymous_55)
FNDA:0,(anonymous_56)
FNDA:0,(anonymous_57)
FNDA:0,(anonymous_58)
FNDA:0,(anonymous_59)
FNDA:0,(anonymous_60)
FNDA:0,(anonymous_61)
FNDA:0,(anonymous_62)
FNDA:0,(anonymous_63)
FNDA:0,(anonymous_64)
FNDA:0,(anonymous_65)
FNDA:0,(anonymous_66)
FNDA:0,(anonymous_67)
FNDA:0,(anonymous_68)
FNDA:0,(anonymous_69)
FNDA:0,(anonymous_70)
FNDA:0,(anonymous_71)
FNDA:0,(anonymous_72)
FNDA:0,(anonymous_73)
FNDA:0,(anonymous_74)
FNDA:0,(anonymous_75)
FNDA:0,(anonymous_76)
FNDA:0,(anonymous_77)
FNDA:0,(anonymous_78)
FNDA:0,(anonymous_79)
FNDA:0,(anonymous_80)
FNDA:0,(anonymous_81)
FNDA:0,(anonymous_82)
FNDA:0,(anonymous_83)
FNDA:0,(anonymous_84)
FNDA:0,(anonymous_85)
DA:226,0
DA:230,0
DA:234,0
DA:238,0
DA:243,0
DA:247,0
DA:251,0
DA:255,0
DA:259,0
DA:263,0
DA:268,0
DA:272,0
DA:276,0
DA:280,0
DA:284,0
DA:288,0
DA:293,0
DA:297,0
DA:301,0
DA:305,0
DA:309,0
DA:313,0
DA:317,0
DA:322,0
DA:326,0
DA:330,0
DA:334,0
DA:338,0
DA:342,0
DA:347,0
DA:351,0
DA:355,0
DA:360,0
DA:364,0
DA:365,0
DA:366,0
DA:367,0
DA:369,0
DA:372,0
DA:373,0
DA:374,0
DA:375,0
DA:376,0
DA:389,0
DA:390,0
DA:391,0
DA:398,0
DA:399,0
DA:400,0
DA:407,0
DA:408,0
DA:409,0
DA:416,0
DA:417,0
DA:418,0
DA:420,0
DA:426,0
DA:427,0
DA:428,0
DA:432,0
DA:434,0
DA:435,0
DA:436,0
DA:438,0
DA:442,0
DA:443,0
DA:448,0
DA:449,0
DA:450,0
DA:451,0
DA:452,0
DA:458,0
DA:459,0
DA:464,0
DA:468,0
DA:472,0
DA:476,0
DA:480,0
DA:484,0
DA:489,0
LF:80
LH:0
BRDA:375,0,0,0
BRDA:375,0,1,0
BRDA:376,1,0,0
BRDA:376,1,1,0
BRDA:391,2,0,0
BRDA:391,2,1,0
BRDA:391,2,2,0
BRDA:400,3,0,0
BRDA:400,3,1,0
BRDA:400,3,2,0
BRDA:409,4,0,0
BRDA:409,4,1,0
BRDA:409,4,2,0
BRDA:418,5,0,0
BRDA:418,5,1,0
BRDA:418,5,2,0
BRDA:434,6,0,0
BRDA:434,6,1,0
BRDA:434,7,0,0
BRDA:434,7,1,0
BRDA:436,8,0,0
BRDA:436,8,1,0
BRDA:450,9,0,0
BRDA:450,9,1,0
BRDA:457,10,0,0
BRF:25
BRH:0
end_of_record
TN:
SF:src/store/index.ts
FN:27,(anonymous_0)
FNF:1
FNH:0
FNDA:0,(anonymous_0)
DA:9,0
DA:16,0
DA:22,0
DA:25,0
DA:28,0
DA:37,0
LF:6
LH:0
BRF:0
BRH:0
end_of_record
TN:
SF:src/store/slices/authSlice.ts
FN:8,(anonymous_0)
FN:28,(anonymous_1)
FN:58,(anonymous_2)
FN:72,(anonymous_3)
FN:86,(anonymous_4)
FN:123,(anonymous_5)
FN:134,(anonymous_6)
FN:137,(anonymous_7)
FN:140,(anonymous_8)
FN:148,(anonymous_9)
FN:151,(anonymous_10)
FN:156,(anonymous_11)
FN:164,(anonymous_12)
FN:172,(anonymous_13)
FN:176,(anonymous_14)
FN:183,(anonymous_15)
FN:190,(anonymous_16)
FN:194,(anonymous_17)
FN:200,(anonymous_18)
FN:212,(anonymous_19)
FN:216,(anonymous_20)
FN:221,(anonymous_21)
FN:228,(anonymous_22)
FN:232,(anonymous_23)
FN:236,(anonymous_24)
FNF:25
FNH:0
FNDA:0,(anonymous_0)
FNDA:0,(anonymous_1)
FNDA:0,(anonymous_2)
FNDA:0,(anonymous_3)
FNDA:0,(anonymous_4)
FNDA:0,(anonymous_5)
FNDA:0,(anonymous_6)
FNDA:0,(anonymous_7)
FNDA:0,(anonymous_8)
FNDA:0,(anonymous_9)
FNDA:0,(anonymous_10)
FNDA:0,(anonymous_11)
FNDA:0,(anonymous_12)
FNDA:0,(anonymous_13)
FNDA:0,(anonymous_14)
FNDA:0,(anonymous_15)
FNDA:0,(anonymous_16)
FNDA:0,(anonymous_17)
FNDA:0,(anonymous_18)
FNDA:0,(anonymous_19)
FNDA:0,(anonymous_20)
FNDA:0,(anonymous_21)
FNDA:0,(anonymous_22)
FNDA:0,(anonymous_23)
FNDA:0,(anonymous_24)
DA:6,0
DA:9,0
DA:10,0
DA:11,0
DA:14,0
DA:15,0
DA:17,0
DA:19,0
DA:26,0
DA:39,0
DA:40,0
DA:41,0
DA:44,0
DA:45,0
DA:47,0
DA:49,0
DA:56,0
DA:59,0
DA:60,0
DA:61,0
DA:63,0
DA:70,0
DA:73,0
DA:74,0
DA:75,0
DA:77,0
DA:84,0
DA:87,0
DA:88,0
DA:89,0
DA:91,0
DA:109,0
DA:119,0
DA:124,0
DA:125,0
DA:126,0
DA:127,0
DA:128,0
DA:131,0
DA:132,0
DA:135,0
DA:138,0
DA:141,0
DA:142,0
DA:143,0
DA:144,0
DA:150,0
DA:152,0
DA:153,0
DA:154,0
DA:157,0
DA:158,0
DA:159,0
DA:160,0
DA:161,0
DA:162,0
DA:165,0
DA:166,0
DA:167,0
DA:171,0
DA:173,0
DA:174,0
DA:177,0
DA:178,0
DA:179,0
DA:180,0
DA:181,0
DA:184,0
DA:185,0
DA:189,0
DA:191,0
DA:192,0
DA:195,0
DA:196,0
DA:197,0
DA:198,0
DA:201,0
DA:202,0
DA:203,0
DA:204,0
DA:205,0
DA:206,0
DA:207,0
DA:211,0
DA:213,0
DA:214,0
DA:217,0
DA:218,0
DA:219,0
DA:222,0
DA:223,0
DA:227,0
DA:229,0
DA:230,0
DA:233,0
DA:234,0
DA:237,0
DA:238,0
DA:244,0
LF:99
LH:0
BRDA:20,0,0,0
BRDA:20,0,1,0
BRDA:20,0,2,0
BRDA:50,1,0,0
BRDA:50,1,1,0
BRDA:50,1,2,0
BRDA:64,2,0,0
BRDA:64,2,1,0
BRDA:64,2,2,0
BRDA:78,3,0,0
BRDA:78,3,1,0
BRDA:78,3,2,0
BRDA:92,4,0,0
BRDA:92,4,1,0
BRDA:92,4,2,0
BRDA:142,5,0,0
BRDA:142,5,1,0
BRF:17
BRH:0
end_of_record
TN:
SF:src/store/slices/uiSlice.ts
FN:51,(anonymous_0)
FN:56,(anonymous_1)
FN:65,(anonymous_2)
FN:67,(anonymous_3)
FN:71,(anonymous_4)
FN:76,(anonymous_5)
FN:82,(anonymous_6)
FN:89,(anonymous_7)
FN:93,(anonymous_8)
FN:97,(anonymous_9)
FN:101,(anonymous_10)
FN:106,(anonymous_11)
FN:110,(anonymous_12)
FNF:13
FNH:0
FNDA:0,(anonymous_0)
FNDA:0,(anonymous_1)
FNDA:0,(anonymous_2)
FNDA:0,(anonymous_3)
FNDA:0,(anonymous_4)
FNDA:0,(anonymous_5)
FNDA:0,(anonymous_6)
FNDA:0,(anonymous_7)
FNDA:0,(anonymous_8)
FNDA:0,(anonymous_9)
FNDA:0,(anonymous_10)
FNDA:0,(anonymous_11)
FNDA:0,(anonymous_12)
DA:30,0
DA:46,0
DA:52,0
DA:57,0
DA:62,0
DA:66,0
DA:67,0
DA:72,0
DA:77,0
DA:78,0
DA:79,0
DA:83,0
DA:84,0
DA:85,0
DA:90,0
DA:94,0
DA:98,0
DA:102,0
DA:107,0
DA:111,0
DA:130,0
LF:21
LH:0
BRDA:79,0,0,0
BRDA:79,0,1,0
BRDA:111,1,0,0
BRDA:111,1,1,0
BRF:4
BRH:0
end_of_record
TN:
SF:src/types/index.ts
FNF:0
FNH:0
LF:0
LH:0
BRF:0
BRH:0
end_of_record
